2021-11-19 10:46:46
执行了：  SELECT * FROM shop_waresimg WHERE sp_uid='3';  受影响行数为：2 作用：判断数据库存在不存在该数据（大于0存在）
2021-11-19 10:46:46
执行了：  SELECT sp_uid,img_path FROM shop_waresimg WHERE sp_uid='3';  受影响行数为：2 
2021-11-19 10:47:50
执行了：  SELECT * FROM shop_waresimg WHERE sp_uid='3';  受影响行数为：2 作用：判断数据库存在不存在该数据（大于0存在）
2021-11-19 10:47:50
执行了：  SELECT sp_uid,img_path FROM shop_waresimg WHERE sp_uid='3';  受影响行数为：2 
2021-11-19 10:47:50
执行了：  SELECT * FROM shop_waresimg WHERE sp_uid='3';  受影响行数为：2 作用：判断数据库存在不存在该数据（大于0存在）
2021-11-19 10:47:50
执行了：  SELECT sp_uid,img_path FROM shop_waresimg WHERE sp_uid='3';  受影响行数为：2 
2021-11-19 10:47:50
执行了：  SELECT * FROM shop_waresimg WHERE sp_uid='3';  受影响行数为：2 作用：判断数据库存在不存在该数据（大于0存在）
2021-11-19 10:47:50
执行了：  SELECT sp_uid,img_path FROM shop_waresimg WHERE sp_uid='3';  受影响行数为：2 
2021-11-19 10:47:50
执行了：  SELECT * FROM shop_waresimg WHERE sp_uid='3';  受影响行数为：2 作用：判断数据库存在不存在该数据（大于0存在）
2021-11-19 10:47:50
执行了：  SELECT sp_uid,img_path FROM shop_waresimg WHERE sp_uid='3';  受影响行数为：2 
2021-11-19 10:47:50
执行了：  SELECT * FROM shop_waresimg WHERE sp_uid='3';  受影响行数为：2 作用：判断数据库存在不存在该数据（大于0存在）
2021-11-19 10:47:50
执行了：  SELECT sp_uid,img_path FROM shop_waresimg WHERE sp_uid='3';  受影响行数为：2 
2021-11-19 10:47:51
执行了：  SELECT * FROM shop_waresimg WHERE sp_uid='3';  受影响行数为：2 作用：判断数据库存在不存在该数据（大于0存在）
2021-11-19 10:47:51
执行了：  SELECT sp_uid,img_path FROM shop_waresimg WHERE sp_uid='3';  受影响行数为：2 
2021-11-19 10:47:51
执行了：  SELECT * FROM shop_waresimg WHERE sp_uid='3';  受影响行数为：2 作用：判断数据库存在不存在该数据（大于0存在）
2021-11-19 10:47:51
执行了：  SELECT sp_uid,img_path FROM shop_waresimg WHERE sp_uid='3';  受影响行数为：2 
2021-11-19 10:47:51
执行了：  SELECT * FROM shop_waresimg WHERE sp_uid='3';  受影响行数为：2 作用：判断数据库存在不存在该数据（大于0存在）
2021-11-19 10:47:51
执行了：  SELECT sp_uid,img_path FROM shop_waresimg WHERE sp_uid='3';  受影响行数为：2 
2021-11-19 10:47:51
执行了：  SELECT * FROM shop_waresimg WHERE sp_uid='3';  受影响行数为：2 作用：判断数据库存在不存在该数据（大于0存在）
2021-11-19 10:47:51
执行了：  SELECT sp_uid,img_path FROM shop_waresimg WHERE sp_uid='3';  受影响行数为：2 
2021-11-19 10:47:51
执行了：  SELECT * FROM shop_waresimg WHERE sp_uid='3';  受影响行数为：2 作用：判断数据库存在不存在该数据（大于0存在）
2021-11-19 10:47:51
执行了：  SELECT sp_uid,img_path FROM shop_waresimg WHERE sp_uid='3';  受影响行数为：2 
2021-11-19 10:47:52
执行了：  SELECT * FROM shop_waresimg WHERE sp_uid='3';  受影响行数为：2 作用：判断数据库存在不存在该数据（大于0存在）
2021-11-19 10:47:52
执行了：  SELECT sp_uid,img_path FROM shop_waresimg WHERE sp_uid='3';  受影响行数为：2 
2021-11-19 10:47:52
执行了：  SELECT * FROM shop_waresimg WHERE sp_uid='3';  受影响行数为：2 作用：判断数据库存在不存在该数据（大于0存在）
2021-11-19 10:47:52
执行了：  SELECT sp_uid,img_path FROM shop_waresimg WHERE sp_uid='3';  受影响行数为：2 
2021-11-19 10:47:52
执行了：  SELECT * FROM shop_waresimg WHERE sp_uid='3';  受影响行数为：2 作用：判断数据库存在不存在该数据（大于0存在）
2021-11-19 10:47:52
执行了：  SELECT sp_uid,img_path FROM shop_waresimg WHERE sp_uid='3';  受影响行数为：2 
2021-11-19 10:47:52
执行了：  SELECT * FROM shop_waresimg WHERE sp_uid='3';  受影响行数为：2 作用：判断数据库存在不存在该数据（大于0存在）
2021-11-19 10:47:52
执行了：  SELECT sp_uid,img_path FROM shop_waresimg WHERE sp_uid='3';  受影响行数为：2 
2021-11-19 10:47:52
执行了：  SELECT * FROM shop_waresimg WHERE sp_uid='3';  受影响行数为：2 作用：判断数据库存在不存在该数据（大于0存在）
2021-11-19 10:47:52
执行了：  SELECT sp_uid,img_path FROM shop_waresimg WHERE sp_uid='3';  受影响行数为：2 
2021-11-19 10:47:52
执行了：  SELECT * FROM shop_waresimg WHERE sp_uid='3';  受影响行数为：2 作用：判断数据库存在不存在该数据（大于0存在）
2021-11-19 10:47:52
执行了：  SELECT sp_uid,img_path FROM shop_waresimg WHERE sp_uid='3';  受影响行数为：2 
2021-11-19 10:47:53
执行了：  SELECT * FROM shop_waresimg WHERE sp_uid='3';  受影响行数为：2 作用：判断数据库存在不存在该数据（大于0存在）
2021-11-19 10:47:53
执行了：  SELECT sp_uid,img_path FROM shop_waresimg WHERE sp_uid='3';  受影响行数为：2 
2021-11-19 10:47:53
执行了：  SELECT * FROM shop_waresimg WHERE sp_uid='3';  受影响行数为：2 作用：判断数据库存在不存在该数据（大于0存在）
2021-11-19 10:47:53
执行了：  SELECT sp_uid,img_path FROM shop_waresimg WHERE sp_uid='3';  受影响行数为：2 
2021-11-19 10:47:53
执行了：  SELECT * FROM shop_waresimg WHERE sp_uid='3';  受影响行数为：2 作用：判断数据库存在不存在该数据（大于0存在）
2021-11-19 10:47:53
执行了：  SELECT sp_uid,img_path FROM shop_waresimg WHERE sp_uid='3';  受影响行数为：2 
2021-11-19 10:47:53
执行了：  SELECT * FROM shop_waresimg WHERE sp_uid='3';  受影响行数为：2 作用：判断数据库存在不存在该数据（大于0存在）
2021-11-19 10:47:53
执行了：  SELECT sp_uid,img_path FROM shop_waresimg WHERE sp_uid='3';  受影响行数为：2 
2021-11-19 10:47:53
执行了：  SELECT * FROM shop_waresimg WHERE sp_uid='3';  受影响行数为：2 作用：判断数据库存在不存在该数据（大于0存在）
2021-11-19 10:47:53
执行了：  SELECT sp_uid,img_path FROM shop_waresimg WHERE sp_uid='3';  受影响行数为：2 
2021-11-19 10:47:54
执行了：  SELECT * FROM shop_waresimg WHERE sp_uid='3';  受影响行数为：2 作用：判断数据库存在不存在该数据（大于0存在）
2021-11-19 10:47:54
执行了：  SELECT sp_uid,img_path FROM shop_waresimg WHERE sp_uid='3';  受影响行数为：2 
2021-11-19 10:47:54
执行了：  SELECT * FROM shop_waresimg WHERE sp_uid='3';  受影响行数为：2 作用：判断数据库存在不存在该数据（大于0存在）
2021-11-19 10:47:54
执行了：  SELECT sp_uid,img_path FROM shop_waresimg WHERE sp_uid='3';  受影响行数为：2 
2021-11-19 10:47:54
执行了：  SELECT * FROM shop_waresimg WHERE sp_uid='3';  受影响行数为：2 作用：判断数据库存在不存在该数据（大于0存在）
2021-11-19 10:47:54
执行了：  SELECT sp_uid,img_path FROM shop_waresimg WHERE sp_uid='3';  受影响行数为：2 
2021-11-19 10:47:54
执行了：  SELECT * FROM shop_waresimg WHERE sp_uid='3';  受影响行数为：2 作用：判断数据库存在不存在该数据（大于0存在）
2021-11-19 10:47:54
执行了：  SELECT sp_uid,img_path FROM shop_waresimg WHERE sp_uid='3';  受影响行数为：2 
2021-11-19 10:47:55
执行了：  SELECT * FROM shop_waresimg WHERE sp_uid='3';  受影响行数为：2 作用：判断数据库存在不存在该数据（大于0存在）
2021-11-19 10:47:55
执行了：  SELECT sp_uid,img_path FROM shop_waresimg WHERE sp_uid='3';  受影响行数为：2 
2021-11-19 10:47:55
执行了：  SELECT * FROM shop_waresimg WHERE sp_uid='3';  受影响行数为：2 作用：判断数据库存在不存在该数据（大于0存在）
2021-11-19 10:47:55
执行了：  SELECT sp_uid,img_path FROM shop_waresimg WHERE sp_uid='3';  受影响行数为：2 
2021-11-19 10:47:55
执行了：  SELECT * FROM shop_waresimg WHERE sp_uid='3';  受影响行数为：2 作用：判断数据库存在不存在该数据（大于0存在）
2021-11-19 10:47:55
执行了：  SELECT sp_uid,img_path FROM shop_waresimg WHERE sp_uid='3';  受影响行数为：2 
2021-11-19 10:48:21
执行了：  SELECT * FROM shop_waresimg WHERE sp_uid='3';  受影响行数为：2 作用：判断数据库存在不存在该数据（大于0存在）
2021-11-19 10:48:21
执行了：  SELECT sp_uid,img_path FROM shop_waresimg WHERE sp_uid='3';  受影响行数为：2 
2021-11-19 10:48:21
执行了：  SELECT * FROM shop_waresimg WHERE sp_uid='3';  受影响行数为：2 作用：判断数据库存在不存在该数据（大于0存在）
2021-11-19 10:48:21
执行了：  SELECT sp_uid,img_path FROM shop_waresimg WHERE sp_uid='3';  受影响行数为：2 
2021-11-19 10:48:21
执行了：  SELECT * FROM shop_waresimg WHERE sp_uid='3';  受影响行数为：2 作用：判断数据库存在不存在该数据（大于0存在）
2021-11-19 10:48:21
执行了：  SELECT sp_uid,img_path FROM shop_waresimg WHERE sp_uid='3';  受影响行数为：2 
2021-11-19 10:48:21
执行了：  SELECT * FROM shop_waresimg WHERE sp_uid='3';  受影响行数为：2 作用：判断数据库存在不存在该数据（大于0存在）
2021-11-19 10:48:21
执行了：  SELECT sp_uid,img_path FROM shop_waresimg WHERE sp_uid='3';  受影响行数为：2 
2021-11-19 10:48:21
执行了：  SELECT * FROM shop_waresimg WHERE sp_uid='3';  受影响行数为：2 作用：判断数据库存在不存在该数据（大于0存在）
2021-11-19 10:48:21
执行了：  SELECT sp_uid,img_path FROM shop_waresimg WHERE sp_uid='3';  受影响行数为：2 
2021-11-19 10:48:21
执行了：  SELECT * FROM shop_waresimg WHERE sp_uid='3';  受影响行数为：2 作用：判断数据库存在不存在该数据（大于0存在）
2021-11-19 10:48:21
执行了：  SELECT sp_uid,img_path FROM shop_waresimg WHERE sp_uid='3';  受影响行数为：2 
2021-11-19 10:48:22
执行了：  SELECT * FROM shop_waresimg WHERE sp_uid='3';  受影响行数为：2 作用：判断数据库存在不存在该数据（大于0存在）
2021-11-19 10:48:22
执行了：  SELECT sp_uid,img_path FROM shop_waresimg WHERE sp_uid='3';  受影响行数为：2 
2021-11-19 10:48:22
执行了：  SELECT * FROM shop_waresimg WHERE sp_uid='3';  受影响行数为：2 作用：判断数据库存在不存在该数据（大于0存在）
2021-11-19 10:48:22
执行了：  SELECT sp_uid,img_path FROM shop_waresimg WHERE sp_uid='3';  受影响行数为：2 
2021-11-19 10:48:22
执行了：  SELECT * FROM shop_waresimg WHERE sp_uid='3';  受影响行数为：2 作用：判断数据库存在不存在该数据（大于0存在）
2021-11-19 10:48:22
执行了：  SELECT sp_uid,img_path FROM shop_waresimg WHERE sp_uid='3';  受影响行数为：2 
2021-11-19 10:48:22
执行了：  SELECT * FROM shop_waresimg WHERE sp_uid='3';  受影响行数为：2 作用：判断数据库存在不存在该数据（大于0存在）
2021-11-19 10:48:22
执行了：  SELECT sp_uid,img_path FROM shop_waresimg WHERE sp_uid='3';  受影响行数为：2 
2021-11-19 10:48:22
执行了：  SELECT * FROM shop_waresimg WHERE sp_uid='3';  受影响行数为：2 作用：判断数据库存在不存在该数据（大于0存在）
2021-11-19 10:48:22
执行了：  SELECT sp_uid,img_path FROM shop_waresimg WHERE sp_uid='3';  受影响行数为：2 
2021-11-19 10:48:22
执行了：  SELECT * FROM shop_waresimg WHERE sp_uid='3';  受影响行数为：2 作用：判断数据库存在不存在该数据（大于0存在）
2021-11-19 10:48:22
执行了：  SELECT sp_uid,img_path FROM shop_waresimg WHERE sp_uid='3';  受影响行数为：2 
2021-11-19 10:48:23
执行了：  SELECT * FROM shop_waresimg WHERE sp_uid='3';  受影响行数为：2 作用：判断数据库存在不存在该数据（大于0存在）
2021-11-19 10:48:23
执行了：  SELECT sp_uid,img_path FROM shop_waresimg WHERE sp_uid='3';  受影响行数为：2 
2021-11-19 10:48:23
执行了：  SELECT * FROM shop_waresimg WHERE sp_uid='3';  受影响行数为：2 作用：判断数据库存在不存在该数据（大于0存在）
2021-11-19 10:48:23
执行了：  SELECT sp_uid,img_path FROM shop_waresimg WHERE sp_uid='3';  受影响行数为：2 
2021-11-19 10:48:23
执行了：  SELECT * FROM shop_waresimg WHERE sp_uid='3';  受影响行数为：2 作用：判断数据库存在不存在该数据（大于0存在）
2021-11-19 10:48:23
执行了：  SELECT sp_uid,img_path FROM shop_waresimg WHERE sp_uid='3';  受影响行数为：2 
2021-11-19 10:48:23
执行了：  SELECT * FROM shop_waresimg WHERE sp_uid='3';  受影响行数为：2 作用：判断数据库存在不存在该数据（大于0存在）
2021-11-19 10:48:23
执行了：  SELECT sp_uid,img_path FROM shop_waresimg WHERE sp_uid='3';  受影响行数为：2 
2021-11-19 10:48:23
执行了：  SELECT * FROM shop_waresimg WHERE sp_uid='3';  受影响行数为：2 作用：判断数据库存在不存在该数据（大于0存在）
2021-11-19 10:48:23
执行了：  SELECT sp_uid,img_path FROM shop_waresimg WHERE sp_uid='3';  受影响行数为：2 
2021-11-19 10:48:24
执行了：  SELECT * FROM shop_waresimg WHERE sp_uid='3';  受影响行数为：2 作用：判断数据库存在不存在该数据（大于0存在）
2021-11-19 10:48:24
执行了：  SELECT sp_uid,img_path FROM shop_waresimg WHERE sp_uid='3';  受影响行数为：2 
2021-11-19 10:48:24
执行了：  SELECT * FROM shop_waresimg WHERE sp_uid='3';  受影响行数为：2 作用：判断数据库存在不存在该数据（大于0存在）
2021-11-19 10:48:24
执行了：  SELECT sp_uid,img_path FROM shop_waresimg WHERE sp_uid='3';  受影响行数为：2 
2021-11-19 10:48:24
执行了：  SELECT * FROM shop_waresimg WHERE sp_uid='3';  受影响行数为：2 作用：判断数据库存在不存在该数据（大于0存在）
2021-11-19 10:48:24
执行了：  SELECT sp_uid,img_path FROM shop_waresimg WHERE sp_uid='3';  受影响行数为：2 
2021-11-19 10:48:25
执行了：  SELECT * FROM shop_waresimg WHERE sp_uid='3';  受影响行数为：2 作用：判断数据库存在不存在该数据（大于0存在）
2021-11-19 10:48:25
执行了：  SELECT sp_uid,img_path FROM shop_waresimg WHERE sp_uid='3';  受影响行数为：2 
2021-11-19 10:48:25
执行了：  SELECT * FROM shop_waresimg WHERE sp_uid='3';  受影响行数为：2 作用：判断数据库存在不存在该数据（大于0存在）
2021-11-19 10:48:25
执行了：  SELECT sp_uid,img_path FROM shop_waresimg WHERE sp_uid='3';  受影响行数为：2 
2021-11-19 10:48:25
执行了：  SELECT * FROM shop_waresimg WHERE sp_uid='3';  受影响行数为：2 作用：判断数据库存在不存在该数据（大于0存在）
2021-11-19 10:48:25
执行了：  SELECT sp_uid,img_path FROM shop_waresimg WHERE sp_uid='3';  受影响行数为：2 
2021-11-19 10:48:32
执行了：  SELECT * FROM shop_waresimg WHERE sp_uid='3';  受影响行数为：2 作用：判断数据库存在不存在该数据（大于0存在）
2021-11-19 10:48:32
执行了：  SELECT sp_uid,img_path FROM shop_waresimg WHERE sp_uid='3';  受影响行数为：2 
2021-11-19 10:48:41
执行了：  SELECT * FROM shop_waresimg WHERE sp_uid='3';  受影响行数为：2 作用：判断数据库存在不存在该数据（大于0存在）
2021-11-19 10:48:41
执行了：  SELECT sp_uid,img_path FROM shop_waresimg WHERE sp_uid='3';  受影响行数为：2 
2021-11-19 10:48:42
执行了：  SELECT * FROM shop_waresimg WHERE sp_uid='3';  受影响行数为：2 作用：判断数据库存在不存在该数据（大于0存在）
2021-11-19 10:48:42
执行了：  SELECT sp_uid,img_path FROM shop_waresimg WHERE sp_uid='3';  受影响行数为：2 
2021-11-19 10:48:42
执行了：  SELECT * FROM shop_waresimg WHERE sp_uid='3';  受影响行数为：2 作用：判断数据库存在不存在该数据（大于0存在）
2021-11-19 10:48:42
执行了：  SELECT sp_uid,img_path FROM shop_waresimg WHERE sp_uid='3';  受影响行数为：2 
2021-11-19 10:48:42
执行了：  SELECT * FROM shop_waresimg WHERE sp_uid='3';  受影响行数为：2 作用：判断数据库存在不存在该数据（大于0存在）
2021-11-19 10:48:42
执行了：  SELECT sp_uid,img_path FROM shop_waresimg WHERE sp_uid='3';  受影响行数为：2 
2021-11-19 10:48:42
执行了：  SELECT * FROM shop_waresimg WHERE sp_uid='3';  受影响行数为：2 作用：判断数据库存在不存在该数据（大于0存在）
2021-11-19 10:48:42
执行了：  SELECT sp_uid,img_path FROM shop_waresimg WHERE sp_uid='3';  受影响行数为：2 
2021-11-19 10:49:36
执行了：  SELECT * FROM shop_waresimg WHERE sp_uid='3';  受影响行数为：2 作用：判断数据库存在不存在该数据（大于0存在）
2021-11-19 10:49:36
执行了：  SELECT sp_uid,img_path FROM shop_waresimg WHERE sp_uid='3';  受影响行数为：2 
2021-11-19 10:49:36
执行了：  SELECT * FROM shop_waresimg WHERE sp_uid='3';  受影响行数为：2 作用：判断数据库存在不存在该数据（大于0存在）
2021-11-19 10:49:36
执行了：  SELECT sp_uid,img_path FROM shop_waresimg WHERE sp_uid='3';  受影响行数为：2 
2021-11-19 10:49:36
执行了：  SELECT * FROM shop_waresimg WHERE sp_uid='3';  受影响行数为：2 作用：判断数据库存在不存在该数据（大于0存在）
2021-11-19 10:49:36
执行了：  SELECT sp_uid,img_path FROM shop_waresimg WHERE sp_uid='3';  受影响行数为：2 
2021-11-19 10:49:36
执行了：  SELECT * FROM shop_waresimg WHERE sp_uid='3';  受影响行数为：2 作用：判断数据库存在不存在该数据（大于0存在）
2021-11-19 10:49:36
执行了：  SELECT sp_uid,img_path FROM shop_waresimg WHERE sp_uid='3';  受影响行数为：2 
2021-11-19 10:49:37
执行了：  SELECT * FROM shop_waresimg WHERE sp_uid='3';  受影响行数为：2 作用：判断数据库存在不存在该数据（大于0存在）
2021-11-19 10:49:37
执行了：  SELECT sp_uid,img_path FROM shop_waresimg WHERE sp_uid='3';  受影响行数为：2 
2021-11-19 10:49:37
执行了：  SELECT * FROM shop_waresimg WHERE sp_uid='3';  受影响行数为：2 作用：判断数据库存在不存在该数据（大于0存在）
2021-11-19 10:49:37
执行了：  SELECT sp_uid,img_path FROM shop_waresimg WHERE sp_uid='3';  受影响行数为：2 
2021-11-19 10:49:38
执行了：  SELECT * FROM shop_waresimg WHERE sp_uid='3';  受影响行数为：2 作用：判断数据库存在不存在该数据（大于0存在）
2021-11-19 10:49:38
执行了：  SELECT sp_uid,img_path FROM shop_waresimg WHERE sp_uid='3';  受影响行数为：2 
2021-11-19 10:49:38
执行了：  SELECT * FROM shop_waresimg WHERE sp_uid='3';  受影响行数为：2 作用：判断数据库存在不存在该数据（大于0存在）
2021-11-19 10:49:38
执行了：  SELECT sp_uid,img_path FROM shop_waresimg WHERE sp_uid='3';  受影响行数为：2 
2021-11-19 10:49:38
执行了：  SELECT * FROM shop_waresimg WHERE sp_uid='3';  受影响行数为：2 作用：判断数据库存在不存在该数据（大于0存在）
2021-11-19 10:49:38
执行了：  SELECT sp_uid,img_path FROM shop_waresimg WHERE sp_uid='3';  受影响行数为：2 
2021-11-19 10:49:38
执行了：  SELECT * FROM shop_waresimg WHERE sp_uid='3';  受影响行数为：2 作用：判断数据库存在不存在该数据（大于0存在）
2021-11-19 10:49:38
执行了：  SELECT sp_uid,img_path FROM shop_waresimg WHERE sp_uid='3';  受影响行数为：2 
2021-11-19 10:49:38
执行了：  SELECT * FROM shop_waresimg WHERE sp_uid='3';  受影响行数为：2 作用：判断数据库存在不存在该数据（大于0存在）
2021-11-19 10:49:38
执行了：  SELECT sp_uid,img_path FROM shop_waresimg WHERE sp_uid='3';  受影响行数为：2 
2021-11-19 10:49:39
执行了：  SELECT * FROM shop_waresimg WHERE sp_uid='3';  受影响行数为：2 作用：判断数据库存在不存在该数据（大于0存在）
2021-11-19 10:49:39
执行了：  SELECT sp_uid,img_path FROM shop_waresimg WHERE sp_uid='3';  受影响行数为：2 
2021-11-19 10:49:39
执行了：  SELECT * FROM shop_waresimg WHERE sp_uid='3';  受影响行数为：2 作用：判断数据库存在不存在该数据（大于0存在）
2021-11-19 10:49:39
执行了：  SELECT sp_uid,img_path FROM shop_waresimg WHERE sp_uid='3';  受影响行数为：2 
2021-11-19 10:49:39
执行了：  SELECT * FROM shop_waresimg WHERE sp_uid='3';  受影响行数为：2 作用：判断数据库存在不存在该数据（大于0存在）
2021-11-19 10:49:39
执行了：  SELECT sp_uid,img_path FROM shop_waresimg WHERE sp_uid='3';  受影响行数为：2 
2021-11-19 10:49:39
执行了：  SELECT * FROM shop_waresimg WHERE sp_uid='3';  受影响行数为：2 作用：判断数据库存在不存在该数据（大于0存在）
2021-11-19 10:49:39
执行了：  SELECT sp_uid,img_path FROM shop_waresimg WHERE sp_uid='3';  受影响行数为：2 
2021-11-19 10:49:39
执行了：  SELECT * FROM shop_waresimg WHERE sp_uid='3';  受影响行数为：2 作用：判断数据库存在不存在该数据（大于0存在）
2021-11-19 10:49:39
执行了：  SELECT sp_uid,img_path FROM shop_waresimg WHERE sp_uid='3';  受影响行数为：2 
2021-11-19 10:49:39
执行了：  SELECT * FROM shop_waresimg WHERE sp_uid='3';  受影响行数为：2 作用：判断数据库存在不存在该数据（大于0存在）
2021-11-19 10:49:39
执行了：  SELECT sp_uid,img_path FROM shop_waresimg WHERE sp_uid='3';  受影响行数为：2 
2021-11-19 10:49:40
执行了：  SELECT * FROM shop_waresimg WHERE sp_uid='3';  受影响行数为：2 作用：判断数据库存在不存在该数据（大于0存在）
2021-11-19 10:49:40
执行了：  SELECT sp_uid,img_path FROM shop_waresimg WHERE sp_uid='3';  受影响行数为：2 
2021-11-19 10:49:40
执行了：  SELECT * FROM shop_waresimg WHERE sp_uid='3';  受影响行数为：2 作用：判断数据库存在不存在该数据（大于0存在）
2021-11-19 10:49:40
执行了：  SELECT sp_uid,img_path FROM shop_waresimg WHERE sp_uid='3';  受影响行数为：2 
2021-11-19 10:49:40
执行了：  SELECT * FROM shop_waresimg WHERE sp_uid='3';  受影响行数为：2 作用：判断数据库存在不存在该数据（大于0存在）
2021-11-19 10:49:40
执行了：  SELECT sp_uid,img_path FROM shop_waresimg WHERE sp_uid='3';  受影响行数为：2 
2021-11-19 10:49:40
执行了：  SELECT * FROM shop_waresimg WHERE sp_uid='3';  受影响行数为：2 作用：判断数据库存在不存在该数据（大于0存在）
2021-11-19 10:49:40
执行了：  SELECT sp_uid,img_path FROM shop_waresimg WHERE sp_uid='3';  受影响行数为：2 
2021-11-19 10:49:41
执行了：  SELECT * FROM shop_waresimg WHERE sp_uid='3';  受影响行数为：2 作用：判断数据库存在不存在该数据（大于0存在）
2021-11-19 10:49:41
执行了：  SELECT sp_uid,img_path FROM shop_waresimg WHERE sp_uid='3';  受影响行数为：2 
2021-11-19 10:49:41
执行了：  SELECT * FROM shop_waresimg WHERE sp_uid='3';  受影响行数为：2 作用：判断数据库存在不存在该数据（大于0存在）
2021-11-19 10:49:41
执行了：  SELECT sp_uid,img_path FROM shop_waresimg WHERE sp_uid='3';  受影响行数为：2 
2021-11-19 10:49:41
执行了：  SELECT * FROM shop_waresimg WHERE sp_uid='3';  受影响行数为：2 作用：判断数据库存在不存在该数据（大于0存在）
2021-11-19 10:49:41
执行了：  SELECT sp_uid,img_path FROM shop_waresimg WHERE sp_uid='3';  受影响行数为：2 
2021-11-19 10:49:41
执行了：  SELECT * FROM shop_waresimg WHERE sp_uid='3';  受影响行数为：2 作用：判断数据库存在不存在该数据（大于0存在）
2021-11-19 10:49:41
执行了：  SELECT sp_uid,img_path FROM shop_waresimg WHERE sp_uid='3';  受影响行数为：2 
2021-11-19 10:49:41
执行了：  SELECT * FROM shop_waresimg WHERE sp_uid='3';  受影响行数为：2 作用：判断数据库存在不存在该数据（大于0存在）
2021-11-19 10:49:41
执行了：  SELECT sp_uid,img_path FROM shop_waresimg WHERE sp_uid='3';  受影响行数为：2 
2021-11-19 10:49:41
执行了：  SELECT * FROM shop_waresimg WHERE sp_uid='3';  受影响行数为：2 作用：判断数据库存在不存在该数据（大于0存在）
2021-11-19 10:49:42
执行了：  SELECT sp_uid,img_path FROM shop_waresimg WHERE sp_uid='3';  受影响行数为：2 
2021-11-19 10:49:42
执行了：  SELECT * FROM shop_waresimg WHERE sp_uid='3';  受影响行数为：2 作用：判断数据库存在不存在该数据（大于0存在）
2021-11-19 10:49:42
执行了：  SELECT sp_uid,img_path FROM shop_waresimg WHERE sp_uid='3';  受影响行数为：2 
2021-11-19 10:49:42
执行了：  SELECT * FROM shop_waresimg WHERE sp_uid='3';  受影响行数为：2 作用：判断数据库存在不存在该数据（大于0存在）
2021-11-19 10:49:42
执行了：  SELECT sp_uid,img_path FROM shop_waresimg WHERE sp_uid='3';  受影响行数为：2 
2021-11-19 10:49:42
执行了：  SELECT * FROM shop_waresimg WHERE sp_uid='3';  受影响行数为：2 作用：判断数据库存在不存在该数据（大于0存在）
2021-11-19 10:49:42
执行了：  SELECT sp_uid,img_path FROM shop_waresimg WHERE sp_uid='3';  受影响行数为：2 
2021-11-19 10:49:42
执行了：  SELECT * FROM shop_waresimg WHERE sp_uid='3';  受影响行数为：2 作用：判断数据库存在不存在该数据（大于0存在）
2021-11-19 10:49:42
执行了：  SELECT sp_uid,img_path FROM shop_waresimg WHERE sp_uid='3';  受影响行数为：2 
2021-11-19 10:49:43
执行了：  SELECT * FROM shop_waresimg WHERE sp_uid='3';  受影响行数为：2 作用：判断数据库存在不存在该数据（大于0存在）
2021-11-19 10:49:43
执行了：  SELECT sp_uid,img_path FROM shop_waresimg WHERE sp_uid='3';  受影响行数为：2 
2021-11-19 10:49:43
执行了：  SELECT * FROM shop_waresimg WHERE sp_uid='3';  受影响行数为：2 作用：判断数据库存在不存在该数据（大于0存在）
2021-11-19 10:49:43
执行了：  SELECT sp_uid,img_path FROM shop_waresimg WHERE sp_uid='3';  受影响行数为：2 
2021-11-19 10:49:43
执行了：  SELECT * FROM shop_waresimg WHERE sp_uid='3';  受影响行数为：2 作用：判断数据库存在不存在该数据（大于0存在）
2021-11-19 10:49:43
执行了：  SELECT sp_uid,img_path FROM shop_waresimg WHERE sp_uid='3';  受影响行数为：2 
2021-11-19 10:49:43
执行了：  SELECT * FROM shop_waresimg WHERE sp_uid='3';  受影响行数为：2 作用：判断数据库存在不存在该数据（大于0存在）
2021-11-19 10:49:43
执行了：  SELECT sp_uid,img_path FROM shop_waresimg WHERE sp_uid='3';  受影响行数为：2 
2021-11-19 10:49:43
执行了：  SELECT * FROM shop_waresimg WHERE sp_uid='3';  受影响行数为：2 作用：判断数据库存在不存在该数据（大于0存在）
2021-11-19 10:49:43
执行了：  SELECT sp_uid,img_path FROM shop_waresimg WHERE sp_uid='3';  受影响行数为：2 
2021-11-19 10:49:44
执行了：  SELECT * FROM shop_waresimg WHERE sp_uid='3';  受影响行数为：2 作用：判断数据库存在不存在该数据（大于0存在）
2021-11-19 10:49:44
执行了：  SELECT sp_uid,img_path FROM shop_waresimg WHERE sp_uid='3';  受影响行数为：2 
2021-11-19 10:49:44
执行了：  SELECT * FROM shop_waresimg WHERE sp_uid='3';  受影响行数为：2 作用：判断数据库存在不存在该数据（大于0存在）
2021-11-19 10:49:44
执行了：  SELECT sp_uid,img_path FROM shop_waresimg WHERE sp_uid='3';  受影响行数为：2 
2021-11-19 10:49:44
执行了：  SELECT * FROM shop_waresimg WHERE sp_uid='3';  受影响行数为：2 作用：判断数据库存在不存在该数据（大于0存在）
2021-11-19 10:49:44
执行了：  SELECT sp_uid,img_path FROM shop_waresimg WHERE sp_uid='3';  受影响行数为：2 
2021-11-19 10:50:18
执行了：  SELECT * FROM shop_waresimg WHERE sp_uid='3';  受影响行数为：2 作用：判断数据库存在不存在该数据（大于0存在）
2021-11-19 10:50:18
执行了：  SELECT sp_uid,img_path FROM shop_waresimg WHERE sp_uid='3';  受影响行数为：2 
2021-11-19 10:50:19
执行了：  SELECT * FROM shop_waresimg WHERE sp_uid='3';  受影响行数为：2 作用：判断数据库存在不存在该数据（大于0存在）
2021-11-19 10:50:19
执行了：  SELECT sp_uid,img_path FROM shop_waresimg WHERE sp_uid='3';  受影响行数为：2 
2021-11-19 10:50:19
执行了：  SELECT * FROM shop_waresimg WHERE sp_uid='3';  受影响行数为：2 作用：判断数据库存在不存在该数据（大于0存在）
2021-11-19 10:50:19
执行了：  SELECT sp_uid,img_path FROM shop_waresimg WHERE sp_uid='3';  受影响行数为：2 
2021-11-19 10:50:19
执行了：  SELECT * FROM shop_waresimg WHERE sp_uid='3';  受影响行数为：2 作用：判断数据库存在不存在该数据（大于0存在）
2021-11-19 10:50:19
执行了：  SELECT sp_uid,img_path FROM shop_waresimg WHERE sp_uid='3';  受影响行数为：2 
2021-11-19 10:50:19
执行了：  SELECT * FROM shop_waresimg WHERE sp_uid='3';  受影响行数为：2 作用：判断数据库存在不存在该数据（大于0存在）
2021-11-19 10:50:20
执行了：  SELECT sp_uid,img_path FROM shop_waresimg WHERE sp_uid='3';  受影响行数为：2 
2021-11-19 10:50:20
执行了：  SELECT * FROM shop_waresimg WHERE sp_uid='3';  受影响行数为：2 作用：判断数据库存在不存在该数据（大于0存在）
2021-11-19 10:50:20
执行了：  SELECT sp_uid,img_path FROM shop_waresimg WHERE sp_uid='3';  受影响行数为：2 
2021-11-19 10:50:20
执行了：  SELECT * FROM shop_waresimg WHERE sp_uid='3';  受影响行数为：2 作用：判断数据库存在不存在该数据（大于0存在）
2021-11-19 10:50:20
执行了：  SELECT sp_uid,img_path FROM shop_waresimg WHERE sp_uid='3';  受影响行数为：2 
2021-11-19 10:50:20
执行了：  SELECT * FROM shop_waresimg WHERE sp_uid='3';  受影响行数为：2 作用：判断数据库存在不存在该数据（大于0存在）
2021-11-19 10:50:20
执行了：  SELECT sp_uid,img_path FROM shop_waresimg WHERE sp_uid='3';  受影响行数为：2 
2021-11-19 10:50:20
执行了：  SELECT * FROM shop_waresimg WHERE sp_uid='3';  受影响行数为：2 作用：判断数据库存在不存在该数据（大于0存在）
2021-11-19 10:50:20
执行了：  SELECT sp_uid,img_path FROM shop_waresimg WHERE sp_uid='3';  受影响行数为：2 
2021-11-19 10:52:13
执行了：  SELECT * FROM shop_waresimg WHERE sp_uid='3';  受影响行数为：2 作用：判断数据库存在不存在该数据（大于0存在）
2021-11-19 10:52:13
执行了：  SELECT sp_uid,img_path FROM shop_waresimg WHERE sp_uid='3';  受影响行数为：2 
2021-11-19 10:52:21
执行了：  SELECT * FROM shop_waresimg WHERE sp_uid='31';  受影响行数为：0 作用：判断数据库存在不存在该数据（大于0存在）
2021-11-19 10:52:22
执行了：  SELECT * FROM shop_waresimg WHERE sp_uid='31';  受影响行数为：0 作用：判断数据库存在不存在该数据（大于0存在）
2021-11-19 10:52:22
执行了：  SELECT * FROM shop_waresimg WHERE sp_uid='31';  受影响行数为：0 作用：判断数据库存在不存在该数据（大于0存在）
2021-11-19 10:58:09
执行了：  SELECT * FROM shop_waresimg WHERE sp_uid='31';  受影响行数为：0 作用：判断数据库存在不存在该数据（大于0存在）
2021-11-19 10:58:10
执行了：  SELECT * FROM shop_waresimg WHERE sp_uid='31';  受影响行数为：0 作用：判断数据库存在不存在该数据（大于0存在）
2021-11-19 10:58:10
执行了：  SELECT * FROM shop_waresimg WHERE sp_uid='31';  受影响行数为：0 作用：判断数据库存在不存在该数据（大于0存在）
2021-11-19 10:58:10
执行了：  SELECT * FROM shop_waresimg WHERE sp_uid='31';  受影响行数为：0 作用：判断数据库存在不存在该数据（大于0存在）
2021-11-19 10:58:11
执行了：  SELECT * FROM shop_waresimg WHERE sp_uid='31';  受影响行数为：0 作用：判断数据库存在不存在该数据（大于0存在）
2021-11-19 10:58:11
执行了：  SELECT * FROM shop_waresimg WHERE sp_uid='31';  受影响行数为：0 作用：判断数据库存在不存在该数据（大于0存在）
2021-11-19 10:58:11
执行了：  SELECT * FROM shop_waresimg WHERE sp_uid='31';  受影响行数为：0 作用：判断数据库存在不存在该数据（大于0存在）
2021-11-19 10:58:11
执行了：  SELECT * FROM shop_waresimg WHERE sp_uid='31';  受影响行数为：0 作用：判断数据库存在不存在该数据（大于0存在）
2021-11-19 10:58:13
执行了：  SELECT * FROM shop_waresimg WHERE sp_uid='31';  受影响行数为：0 作用：判断数据库存在不存在该数据（大于0存在）
2021-11-19 10:58:13
执行了：  SELECT * FROM shop_waresimg WHERE sp_uid='31';  受影响行数为：0 作用：判断数据库存在不存在该数据（大于0存在）
2021-11-19 10:58:14
执行了：  SELECT * FROM shop_waresimg WHERE sp_uid='31';  受影响行数为：0 作用：判断数据库存在不存在该数据（大于0存在）
2021-11-19 10:58:14
执行了：  SELECT * FROM shop_waresimg WHERE sp_uid='31';  受影响行数为：0 作用：判断数据库存在不存在该数据（大于0存在）
2021-11-19 10:58:14
执行了：  SELECT * FROM shop_waresimg WHERE sp_uid='31';  受影响行数为：0 作用：判断数据库存在不存在该数据（大于0存在）
2021-11-19 11:02:18
执行了：  SELECT * FROM shop_waresimg WHERE sp_uid='31';  受影响行数为：0 作用：判断数据库存在不存在该数据（大于0存在）
2021-11-19 11:02:52
执行了：  SELECT * FROM shop_waresimg WHERE sp_uid='3';  受影响行数为：2 作用：判断数据库存在不存在该数据（大于0存在）
2021-11-19 11:02:52
执行了：  SELECT sp_uid,img_path FROM shop_waresimg WHERE sp_uid='3';  受影响行数为：2 
2021-11-19 13:01:49
执行了：  SELECT * FROM shop_warestest WHERE sp_uid='5';  受影响行数为： 作用：判断数据库存在不存在该数据（大于0存在）
2021-11-19 13:02:26
执行了：  SELECT * FROM shop_warestext WHERE sp_uid='5';  受影响行数为：1 作用：判断数据库存在不存在该数据（大于0存在）
2021-11-19 13:02:26
执行了：  SELECT sp_uid,spuidtext FROM shop_warestext WHERE sp_uid='5';  受影响行数为：1 
2021-11-19 13:02:27
执行了：  SELECT * FROM shop_warestext WHERE sp_uid='5';  受影响行数为：1 作用：判断数据库存在不存在该数据（大于0存在）
2021-11-19 13:02:27
执行了：  SELECT sp_uid,spuidtext FROM shop_warestext WHERE sp_uid='5';  受影响行数为：1 
2021-11-19 13:02:47
执行了：  SELECT * FROM shop_warestext WHERE sp_uid='1';  受影响行数为：0 作用：判断数据库存在不存在该数据（大于0存在）
2021-11-19 13:03:55
执行了：  SELECT * FROM shop_warestext WHERE sp_uid='1';  受影响行数为：0 作用：判断数据库存在不存在该数据（大于0存在）
2021-11-19 14:39:27
执行了：  SELECT * FROM shop_order;  受影响行数为：0 
2021-11-19 14:39:50
执行了：  SELECT * FROM shop_sort;  受影响行数为：3 
2021-11-19 14:47:10
执行了：  SELECT * FROM shop_sort;  受影响行数为：3 
2021-11-19 14:48:20
执行了：  SELECT * FROM shop_order;  受影响行数为：0 
