2021-12-14 09:34:54
成功进去该文件
2021-12-14 11:28:04
控制器不存在：E:\xampp\htdocs\ShoppingDemo\src/../src/Application/Controller/Controller.php
2021-12-14 11:28:05
控制器不存在：E:\xampp\htdocs\ShoppingDemo\src/../src/Application/Controller/Controller.php
2022-01-04 09:20:38
Connection failed: Access denied for user ''@'localhost' (using password: YES)
2022-01-04 09:20:41
Connection failed: Access denied for user ''@'localhost' (using password: YES)
2022-01-19 14:59:02
1
2022-01-19 14:59:02
1
2022-01-19 14:59:02
1
2022-01-19 14:59:02
1
2022-01-19 14:59:02
1
2022-01-19 14:59:02
1
2022-01-19 15:00:07
2
2022-01-19 15:12:02
2
2022-01-19 15:18:00
1
2022-01-19 15:18:33
1
2022-01-19 15:19:57
2
2022-01-19 15:20:12
2
2022-01-19 15:20:19
2
2022-01-19 15:20:25
2
2022-01-19 15:20:36
2
2022-01-19 15:20:55
2
2022-01-19 15:21:08
2
2022-01-19 15:21:22
2
2022-01-19 15:21:33
2
2022-01-19 15:21:51
2
2022-01-19 15:22:02
2
2022-01-19 15:22:20
2
