2021-11-19 09:24:00
执行了：  SELECT sp_uid,sp_name,sp_price,sp_imgpath,sp_hot,sp_sold FROM shop_wares WHERE  sp_state='上架'   order by sp_sold  desc limit 6;  受影响行数为：5 
2021-11-19 09:24:00
执行了：  SELECT sp_uid,sp_name,sp_price,sp_imgpath,sp_hot,sp_sold FROM shop_wares WHERE  sp_state='上架'   order by sp_hot  desc limit 6;  受影响行数为：5 
2021-11-19 09:24:01
执行了：  SELECT sp_uid,sp_name,sp_price,sp_imgpath,sp_hot,sp_sold FROM shop_wares WHERE  sp_state='上架'   order by create_time  desc limit 6;  受影响行数为：5 
2021-11-19 09:26:44
执行了：  SELECT sp_uid,sp_name,sp_price,sp_imgpath,sp_hot,sp_sold FROM shop_wares WHERE  sp_state='上架'   order by sp_sold  desc limit 6;  受影响行数为：5 
2021-11-19 09:26:44
执行了：  SELECT sp_uid,sp_name,sp_price,sp_imgpath,sp_hot,sp_sold FROM shop_wares WHERE  sp_state='上架'   order by sp_hot  desc limit 6;  受影响行数为：5 
2021-11-19 09:26:44
执行了：  SELECT sp_uid,sp_name,sp_price,sp_imgpath,sp_hot,sp_sold FROM shop_wares WHERE  sp_state='上架'   order by create_time  desc limit 6;  受影响行数为：5 
2021-11-19 09:26:47
执行了：  SELECT * FROM shop_wares WHERE sp_uid='8';  受影响行数为：1 作用：判断数据库存在不存在该数据（大于0存在）
2021-11-19 09:26:47
执行了：  SELECT sp_uid,sp_varieties,sp_name,sp_price,sp_num,sp_imgpath,sp_hot,sp_sold,sp_text FROM shop_wares WHERE sp_uid='8';  受影响行数为：1 
2021-11-19 09:30:44
执行了：  SELECT * FROM shop_wares WHERE sp_uid='8';  受影响行数为：1 作用：判断数据库存在不存在该数据（大于0存在）
2021-11-19 09:30:44
执行了：  SELECT sp_uid,sp_varieties,sp_name,sp_price,sp_num,sp_imgpath,sp_hot,sp_sold,sp_text FROM shop_wares WHERE sp_uid='8';  受影响行数为：1 
2021-11-19 09:30:53
执行了：  SELECT sp_uid,sp_name,sp_price,sp_imgpath,sp_hot,sp_sold FROM shop_wares WHERE  sp_state='上架'   order by sp_sold  desc limit 6;  受影响行数为：5 
2021-11-19 09:30:53
执行了：  SELECT sp_uid,sp_name,sp_price,sp_imgpath,sp_hot,sp_sold FROM shop_wares WHERE  sp_state='上架'   order by sp_hot  desc limit 6;  受影响行数为：5 
2021-11-19 09:30:53
执行了：  SELECT sp_uid,sp_name,sp_price,sp_imgpath,sp_hot,sp_sold FROM shop_wares WHERE  sp_state='上架'   order by create_time  desc limit 6;  受影响行数为：5 
2021-11-19 09:30:56
执行了：  SELECT * FROM shop_wares WHERE sp_uid='7';  受影响行数为：1 作用：判断数据库存在不存在该数据（大于0存在）
2021-11-19 09:30:56
执行了：  SELECT sp_uid,sp_varieties,sp_name,sp_price,sp_num,sp_imgpath,sp_hot,sp_sold,sp_text FROM shop_wares WHERE sp_uid='7';  受影响行数为：1 
2021-11-19 09:39:19
执行了：  SELECT sp_uid,sp_name,sp_price,sp_imgpath,sp_hot,sp_sold FROM shop_wares WHERE  sp_state='上架'   order by sp_sold  desc limit 6;  受影响行数为：5 
2021-11-19 09:39:19
执行了：  SELECT sp_uid,sp_name,sp_price,sp_imgpath,sp_hot,sp_sold FROM shop_wares WHERE  sp_state='上架'   order by sp_hot  desc limit 6;  受影响行数为：5 
2021-11-19 09:39:19
执行了：  SELECT sp_uid,sp_name,sp_price,sp_imgpath,sp_hot,sp_sold FROM shop_wares WHERE  sp_state='上架'   order by create_time  desc limit 6;  受影响行数为：5 
2021-11-19 09:39:21
执行了：  SELECT sp_uid,sp_name,sp_price,sp_imgpath,sp_hot,sp_sold FROM shop_wares WHERE  sp_state='上架'   order by sp_sold  desc limit 6;  受影响行数为：5 
2021-11-19 09:39:21
执行了：  SELECT sp_uid,sp_name,sp_price,sp_imgpath,sp_hot,sp_sold FROM shop_wares WHERE  sp_state='上架'   order by sp_hot  desc limit 6;  受影响行数为：5 
2021-11-19 09:39:21
执行了：  SELECT sp_uid,sp_name,sp_price,sp_imgpath,sp_hot,sp_sold FROM shop_wares WHERE  sp_state='上架'   order by create_time  desc limit 6;  受影响行数为：5 
2021-11-19 09:56:20
执行了：  SELECT sp_uid,sp_name,sp_price,sp_imgpath,sp_hot,sp_sold FROM shop_wares WHERE  sp_state='上架'   order by sp_hot  desc limit ;  受影响行数为： 
2021-11-19 09:56:45
执行了：  SELECT sp_uid,sp_name,sp_price,sp_imgpath,sp_hot,sp_sold FROM shop_wares WHERE  sp_state='上架'   order by sp_hot  desc limit 5;  受影响行数为：5 
2021-11-19 09:56:50
执行了：  SELECT sp_uid,sp_name,sp_price,sp_imgpath,sp_hot,sp_sold FROM shop_wares WHERE  sp_state='上架'   order by sp_hot  desc limit 1;  受影响行数为：1 
2021-11-19 10:03:25
执行了：  SELECT sp_uid,sp_name,sp_price,sp_imgpath,sp_hot,sp_sold FROM shop_wares WHERE  sp_state='上架'   order by sp_sold  desc limit 6;  受影响行数为：5 
2021-11-19 10:03:25
执行了：  SELECT sp_uid,sp_name,sp_price,sp_imgpath,sp_hot,sp_sold FROM shop_wares WHERE  sp_state='上架'   order by sp_hot  desc limit 6;  受影响行数为：5 
2021-11-19 10:03:25
执行了：  SELECT sp_uid,sp_name,sp_price,sp_imgpath,sp_hot,sp_sold FROM shop_wares WHERE  sp_state='上架'   order by create_time  desc limit 6;  受影响行数为：5 
2021-11-19 10:58:26
执行了：  SELECT * FROM shop_waresimg WHERE sp_uid='31';  受影响行数为：0 作用：判断数据库存在不存在该数据（大于0存在）
2021-11-19 10:58:26
执行了：  SELECT sp_uid,sp_name,sp_price,sp_imgpath,sp_hot,sp_sold FROM shop_wares WHERE  sp_state='上架'   order by sp_sold  desc limit 6;  受影响行数为：5 
2021-11-19 10:58:26
执行了：  SELECT * FROM shop_waresimg WHERE sp_uid='31';  受影响行数为：0 作用：判断数据库存在不存在该数据（大于0存在）
2021-11-19 10:58:26
执行了：  SELECT sp_uid,sp_name,sp_price,sp_imgpath,sp_hot,sp_sold FROM shop_wares WHERE  sp_state='上架'   order by sp_hot  desc limit 6;  受影响行数为：5 
2021-11-19 10:58:26
执行了：  SELECT * FROM shop_waresimg WHERE sp_uid='31';  受影响行数为：0 作用：判断数据库存在不存在该数据（大于0存在）
2021-11-19 10:58:26
执行了：  SELECT sp_uid,sp_name,sp_price,sp_imgpath,sp_hot,sp_sold FROM shop_wares WHERE  sp_state='上架'   order by create_time  desc limit 6;  受影响行数为：5 
2021-11-19 10:58:49
执行了：  SELECT sp_uid,sp_name,sp_price,sp_imgpath,sp_hot,sp_sold FROM shop_wares WHERE  sp_state='上架'   order by sp_sold  desc limit 6;  受影响行数为：5 
2021-11-19 10:58:49
执行了：  SELECT sp_uid,sp_name,sp_price,sp_imgpath,sp_hot,sp_sold FROM shop_wares WHERE  sp_state='上架'   order by sp_hot  desc limit 6;  受影响行数为：5 
2021-11-19 10:58:49
执行了：  SELECT sp_uid,sp_name,sp_price,sp_imgpath,sp_hot,sp_sold FROM shop_wares WHERE  sp_state='上架'   order by create_time  desc limit 6;  受影响行数为：5 
2021-11-19 10:58:57
执行了：  SELECT * FROM shop_wares WHERE sp_uid='2';  受影响行数为：1 作用：判断数据库存在不存在该数据（大于0存在）
2021-11-19 10:58:57
执行了：  SELECT sp_uid,sp_varieties,sp_name,sp_price,sp_num,sp_imgpath,sp_hot,sp_sold,sp_text FROM shop_wares WHERE sp_uid='2';  受影响行数为：1 
2021-11-19 11:00:27
执行了：  SELECT * FROM shop_waresimg WHERE sp_uid='31';  受影响行数为：0 作用：判断数据库存在不存在该数据（大于0存在）
2021-11-19 11:00:28
执行了：  SELECT * FROM shop_waresimg WHERE sp_uid='31';  受影响行数为：0 作用：判断数据库存在不存在该数据（大于0存在）
2021-11-19 11:00:28
执行了：  SELECT * FROM shop_waresimg WHERE sp_uid='31';  受影响行数为：0 作用：判断数据库存在不存在该数据（大于0存在）
2021-11-19 11:00:28
执行了：  SELECT * FROM shop_waresimg WHERE sp_uid='31';  受影响行数为：0 作用：判断数据库存在不存在该数据（大于0存在）
2021-11-19 11:01:35
执行了：  SELECT * FROM shop_waresimg WHERE sp_uid='31';  受影响行数为：0 作用：判断数据库存在不存在该数据（大于0存在）
2021-11-19 11:01:36
执行了：  SELECT * FROM shop_waresimg WHERE sp_uid='31';  受影响行数为：0 作用：判断数据库存在不存在该数据（大于0存在）
2021-11-19 11:01:37
执行了：  SELECT * FROM shop_waresimg WHERE sp_uid='31';  受影响行数为：0 作用：判断数据库存在不存在该数据（大于0存在）
2021-11-19 11:01:37
执行了：  SELECT * FROM shop_waresimg WHERE sp_uid='31';  受影响行数为：0 作用：判断数据库存在不存在该数据（大于0存在）
2021-11-19 11:01:37
执行了：  SELECT * FROM shop_waresimg WHERE sp_uid='31';  受影响行数为：0 作用：判断数据库存在不存在该数据（大于0存在）
2021-11-19 11:01:38
执行了：  SELECT * FROM shop_waresimg WHERE sp_uid='31';  受影响行数为：0 作用：判断数据库存在不存在该数据（大于0存在）
2021-11-19 11:01:38
执行了：  SELECT * FROM shop_waresimg WHERE sp_uid='31';  受影响行数为：0 作用：判断数据库存在不存在该数据（大于0存在）
2021-11-19 11:01:38
执行了：  SELECT * FROM shop_waresimg WHERE sp_uid='31';  受影响行数为：0 作用：判断数据库存在不存在该数据（大于0存在）
2021-11-19 11:01:38
执行了：  SELECT * FROM shop_waresimg WHERE sp_uid='31';  受影响行数为：0 作用：判断数据库存在不存在该数据（大于0存在）
2021-11-19 11:01:38
执行了：  SELECT * FROM shop_waresimg WHERE sp_uid='31';  受影响行数为：0 作用：判断数据库存在不存在该数据（大于0存在）
2021-11-19 11:01:39
执行了：  SELECT * FROM shop_waresimg WHERE sp_uid='31';  受影响行数为：0 作用：判断数据库存在不存在该数据（大于0存在）
2021-11-19 11:01:59
执行了：  SELECT * FROM shop_waresimg WHERE sp_uid='31';  受影响行数为：0 作用：判断数据库存在不存在该数据（大于0存在）
2021-11-19 11:04:32
执行了：  SELECT sp_uid,sp_name,sp_price,sp_imgpath,sp_hot,sp_sold FROM shop_wares WHERE  sp_state='上架'   order by sp_sold  desc limit 6;  受影响行数为：5 
2021-11-19 11:04:32
执行了：  SELECT sp_uid,sp_name,sp_price,sp_imgpath,sp_hot,sp_sold FROM shop_wares WHERE  sp_state='上架'   order by sp_hot  desc limit 6;  受影响行数为：5 
2021-11-19 11:04:32
执行了：  SELECT sp_uid,sp_name,sp_price,sp_imgpath,sp_hot,sp_sold FROM shop_wares WHERE  sp_state='上架'   order by create_time  desc limit 6;  受影响行数为：5 
2021-11-19 11:04:35
执行了：  SELECT * FROM shop_wares WHERE sp_uid='8';  受影响行数为：1 作用：判断数据库存在不存在该数据（大于0存在）
2021-11-19 11:04:35
执行了：  SELECT sp_uid,sp_varieties,sp_name,sp_price,sp_num,sp_imgpath,sp_hot,sp_sold,sp_text FROM shop_wares WHERE sp_uid='8';  受影响行数为：1 
2021-11-19 11:04:39
执行了：  SELECT * FROM shop_wares WHERE sp_uid='5';  受影响行数为：1 作用：判断数据库存在不存在该数据（大于0存在）
2021-11-19 11:04:39
执行了：  SELECT sp_uid,sp_varieties,sp_name,sp_price,sp_num,sp_imgpath,sp_hot,sp_sold,sp_text FROM shop_wares WHERE sp_uid='5';  受影响行数为：1 
2021-11-19 11:07:04
执行了：  SELECT sp_uid,sp_name,sp_price,sp_imgpath,sp_hot,sp_sold FROM shop_wares WHERE  sp_state='上架'   order by sp_sold  desc limit 6;  受影响行数为：5 
2021-11-19 11:07:04
执行了：  SELECT sp_uid,sp_name,sp_price,sp_imgpath,sp_hot,sp_sold FROM shop_wares WHERE  sp_state='上架'   order by sp_hot  desc limit 6;  受影响行数为：5 
2021-11-19 11:07:04
执行了：  SELECT sp_uid,sp_name,sp_price,sp_imgpath,sp_hot,sp_sold FROM shop_wares WHERE  sp_state='上架'   order by create_time  desc limit 6;  受影响行数为：5 
2021-11-19 11:07:08
执行了：  SELECT * FROM shop_wares WHERE sp_uid='8';  受影响行数为：1 作用：判断数据库存在不存在该数据（大于0存在）
2021-11-19 11:07:08
执行了：  SELECT sp_uid,sp_varieties,sp_name,sp_price,sp_num,sp_imgpath,sp_hot,sp_sold,sp_text FROM shop_wares WHERE sp_uid='8';  受影响行数为：1 
2021-11-19 11:16:55
执行了：  SELECT sp_uid,sp_name,sp_price,sp_imgpath,sp_hot,sp_sold FROM shop_wares WHERE  sp_state='上架'   order by sp_sold  desc limit 6;  受影响行数为：5 
2021-11-19 11:16:55
执行了：  SELECT sp_uid,sp_name,sp_price,sp_imgpath,sp_hot,sp_sold FROM shop_wares WHERE  sp_state='上架'   order by sp_hot  desc limit 6;  受影响行数为：5 
2021-11-19 11:16:55
执行了：  SELECT sp_uid,sp_name,sp_price,sp_imgpath,sp_hot,sp_sold FROM shop_wares WHERE  sp_state='上架'   order by create_time  desc limit 6;  受影响行数为：5 
2021-11-19 11:16:57
执行了：  SELECT * FROM shop_waresimg WHERE sp_uid='8';  受影响行数为：0 作用：判断数据库存在不存在该数据（大于0存在）
2021-11-19 11:16:57
执行了：  SELECT * FROM shop_wares WHERE sp_uid='8';  受影响行数为：1 作用：判断数据库存在不存在该数据（大于0存在）
2021-11-19 11:16:57
执行了：  SELECT sp_uid,sp_varieties,sp_name,sp_price,sp_num,sp_imgpath,sp_hot,sp_sold,sp_text FROM shop_wares WHERE sp_uid='8';  受影响行数为：1 
2021-11-19 11:17:09
执行了：  SELECT * FROM shop_waresimg WHERE sp_uid='5';  受影响行数为：0 作用：判断数据库存在不存在该数据（大于0存在）
2021-11-19 11:17:09
执行了：  SELECT * FROM shop_wares WHERE sp_uid='5';  受影响行数为：1 作用：判断数据库存在不存在该数据（大于0存在）
2021-11-19 11:17:09
执行了：  SELECT sp_uid,sp_varieties,sp_name,sp_price,sp_num,sp_imgpath,sp_hot,sp_sold,sp_text FROM shop_wares WHERE sp_uid='5';  受影响行数为：1 
2021-11-19 11:17:13
执行了：  SELECT * FROM shop_waresimg WHERE sp_uid='3';  受影响行数为：2 作用：判断数据库存在不存在该数据（大于0存在）
2021-11-19 11:17:13
执行了：  SELECT sp_uid,img_path FROM shop_waresimg WHERE sp_uid='3';  受影响行数为：2 
2021-11-19 11:17:13
执行了：  SELECT * FROM shop_wares WHERE sp_uid='3';  受影响行数为：1 作用：判断数据库存在不存在该数据（大于0存在）
2021-11-19 11:17:13
执行了：  SELECT sp_uid,sp_varieties,sp_name,sp_price,sp_num,sp_imgpath,sp_hot,sp_sold,sp_text FROM shop_wares WHERE sp_uid='3';  受影响行数为：1 
2021-11-19 11:17:29
执行了：  SELECT * FROM shop_waresimg WHERE sp_uid='5';  受影响行数为：0 作用：判断数据库存在不存在该数据（大于0存在）
2021-11-19 11:17:29
执行了：  SELECT * FROM shop_wares WHERE sp_uid='5';  受影响行数为：1 作用：判断数据库存在不存在该数据（大于0存在）
2021-11-19 11:17:29
执行了：  SELECT sp_uid,sp_varieties,sp_name,sp_price,sp_num,sp_imgpath,sp_hot,sp_sold,sp_text FROM shop_wares WHERE sp_uid='5';  受影响行数为：1 
2021-11-19 11:18:12
执行了：  SELECT * FROM shop_waresimg WHERE sp_uid='5';  受影响行数为：0 作用：判断数据库存在不存在该数据（大于0存在）
2021-11-19 11:18:12
执行了：  SELECT * FROM shop_wares WHERE sp_uid='5';  受影响行数为：1 作用：判断数据库存在不存在该数据（大于0存在）
2021-11-19 11:18:12
执行了：  SELECT sp_uid,sp_varieties,sp_name,sp_price,sp_num,sp_imgpath,sp_hot,sp_sold,sp_text FROM shop_wares WHERE sp_uid='5';  受影响行数为：1 
2021-11-19 11:31:49
执行了：  SELECT sp_uid,sp_name,sp_price,sp_imgpath,sp_hot,sp_sold FROM shop_wares WHERE  sp_state='上架'   order by sp_sold  desc limit 6;  受影响行数为：5 
2021-11-19 11:31:49
执行了：  SELECT sp_uid,sp_name,sp_price,sp_imgpath,sp_hot,sp_sold FROM shop_wares WHERE  sp_state='上架'   order by sp_hot  desc limit 6;  受影响行数为：5 
2021-11-19 11:31:49
执行了：  SELECT sp_uid,sp_name,sp_price,sp_imgpath,sp_hot,sp_sold FROM shop_wares WHERE  sp_state='上架'   order by create_time  desc limit 6;  受影响行数为：5 
2021-11-19 11:31:52
执行了：  SELECT * FROM shop_waresimg WHERE sp_uid='8';  受影响行数为：0 作用：判断数据库存在不存在该数据（大于0存在）
2021-11-19 11:31:52
执行了：  SELECT * FROM shop_wares WHERE sp_uid='8';  受影响行数为：1 作用：判断数据库存在不存在该数据（大于0存在）
2021-11-19 11:31:52
执行了：  SELECT sp_uid,sp_varieties,sp_name,sp_price,sp_num,sp_imgpath,sp_hot,sp_sold,sp_text FROM shop_wares WHERE sp_uid='8';  受影响行数为：1 
2021-11-19 11:31:59
执行了：  SELECT * FROM shop_waresimg WHERE sp_uid='3';  受影响行数为：4 作用：判断数据库存在不存在该数据（大于0存在）
2021-11-19 11:31:59
执行了：  SELECT sp_uid,img_path FROM shop_waresimg WHERE sp_uid='3';  受影响行数为：4 
2021-11-19 11:31:59
执行了：  SELECT * FROM shop_wares WHERE sp_uid='3';  受影响行数为：1 作用：判断数据库存在不存在该数据（大于0存在）
2021-11-19 11:31:59
执行了：  SELECT sp_uid,sp_varieties,sp_name,sp_price,sp_num,sp_imgpath,sp_hot,sp_sold,sp_text FROM shop_wares WHERE sp_uid='3';  受影响行数为：1 
2021-11-19 11:32:20
执行了：  SELECT * FROM shop_waresimg WHERE sp_uid='5';  受影响行数为：0 作用：判断数据库存在不存在该数据（大于0存在）
2021-11-19 11:32:20
执行了：  SELECT * FROM shop_wares WHERE sp_uid='5';  受影响行数为：1 作用：判断数据库存在不存在该数据（大于0存在）
2021-11-19 11:32:20
执行了：  SELECT sp_uid,sp_varieties,sp_name,sp_price,sp_num,sp_imgpath,sp_hot,sp_sold,sp_text FROM shop_wares WHERE sp_uid='5';  受影响行数为：1 
2021-11-19 11:32:35
执行了：  SELECT * FROM shop_waresimg WHERE sp_uid='5';  受影响行数为：0 作用：判断数据库存在不存在该数据（大于0存在）
2021-11-19 11:32:35
执行了：  SELECT * FROM shop_wares WHERE sp_uid='5';  受影响行数为：1 作用：判断数据库存在不存在该数据（大于0存在）
2021-11-19 11:32:35
执行了：  SELECT sp_uid,sp_varieties,sp_name,sp_price,sp_num,sp_imgpath,sp_hot,sp_sold,sp_text FROM shop_wares WHERE sp_uid='5';  受影响行数为：1 
2021-11-19 11:32:48
执行了：  SELECT * FROM shop_waresimg WHERE sp_uid='6';  受影响行数为：1 作用：判断数据库存在不存在该数据（大于0存在）
2021-11-19 11:32:48
执行了：  SELECT sp_uid,img_path FROM shop_waresimg WHERE sp_uid='6';  受影响行数为：1 
2021-11-19 11:32:48
执行了：  SELECT * FROM shop_wares WHERE sp_uid='6';  受影响行数为：1 作用：判断数据库存在不存在该数据（大于0存在）
2021-11-19 11:32:48
执行了：  SELECT sp_uid,sp_varieties,sp_name,sp_price,sp_num,sp_imgpath,sp_hot,sp_sold,sp_text FROM shop_wares WHERE sp_uid='6';  受影响行数为：1 
2021-11-19 11:32:58
执行了：  SELECT * FROM shop_waresimg WHERE sp_uid='3';  受影响行数为：4 作用：判断数据库存在不存在该数据（大于0存在）
2021-11-19 11:32:58
执行了：  SELECT sp_uid,img_path FROM shop_waresimg WHERE sp_uid='3';  受影响行数为：4 
2021-11-19 11:32:58
执行了：  SELECT * FROM shop_wares WHERE sp_uid='3';  受影响行数为：1 作用：判断数据库存在不存在该数据（大于0存在）
2021-11-19 11:32:58
执行了：  SELECT sp_uid,sp_varieties,sp_name,sp_price,sp_num,sp_imgpath,sp_hot,sp_sold,sp_text FROM shop_wares WHERE sp_uid='3';  受影响行数为：1 
2021-11-19 11:33:46
执行了：  SELECT * FROM shop_waresimg WHERE sp_uid='5';  受影响行数为：0 作用：判断数据库存在不存在该数据（大于0存在）
2021-11-19 11:33:46
执行了：  SELECT * FROM shop_wares WHERE sp_uid='5';  受影响行数为：1 作用：判断数据库存在不存在该数据（大于0存在）
2021-11-19 11:33:47
执行了：  SELECT sp_uid,sp_varieties,sp_name,sp_price,sp_num,sp_imgpath,sp_hot,sp_sold,sp_text FROM shop_wares WHERE sp_uid='5';  受影响行数为：1 
2021-11-19 11:33:51
执行了：  SELECT * FROM shop_waresimg WHERE sp_uid='5';  受影响行数为：0 作用：判断数据库存在不存在该数据（大于0存在）
2021-11-19 11:33:51
执行了：  SELECT * FROM shop_wares WHERE sp_uid='5';  受影响行数为：1 作用：判断数据库存在不存在该数据（大于0存在）
2021-11-19 11:33:51
执行了：  SELECT sp_uid,sp_varieties,sp_name,sp_price,sp_num,sp_imgpath,sp_hot,sp_sold,sp_text FROM shop_wares WHERE sp_uid='5';  受影响行数为：1 
2021-11-19 11:33:57
执行了：  SELECT * FROM shop_waresimg WHERE sp_uid='3';  受影响行数为：4 作用：判断数据库存在不存在该数据（大于0存在）
2021-11-19 11:33:57
执行了：  SELECT sp_uid,img_path FROM shop_waresimg WHERE sp_uid='3';  受影响行数为：4 
2021-11-19 11:33:57
执行了：  SELECT * FROM shop_wares WHERE sp_uid='3';  受影响行数为：1 作用：判断数据库存在不存在该数据（大于0存在）
2021-11-19 11:33:57
执行了：  SELECT sp_uid,sp_varieties,sp_name,sp_price,sp_num,sp_imgpath,sp_hot,sp_sold,sp_text FROM shop_wares WHERE sp_uid='3';  受影响行数为：1 
2021-11-19 11:34:18
执行了：  SELECT * FROM shop_waresimg WHERE sp_uid='3';  受影响行数为：4 作用：判断数据库存在不存在该数据（大于0存在）
2021-11-19 11:34:18
执行了：  SELECT sp_uid,img_path FROM shop_waresimg WHERE sp_uid='3';  受影响行数为：4 
2021-11-19 11:34:18
执行了：  SELECT * FROM shop_wares WHERE sp_uid='3';  受影响行数为：1 作用：判断数据库存在不存在该数据（大于0存在）
2021-11-19 11:34:18
执行了：  SELECT sp_uid,sp_varieties,sp_name,sp_price,sp_num,sp_imgpath,sp_hot,sp_sold,sp_text FROM shop_wares WHERE sp_uid='3';  受影响行数为：1 
2021-11-19 11:34:38
执行了：  SELECT * FROM shop_waresimg WHERE sp_uid='3';  受影响行数为：4 作用：判断数据库存在不存在该数据（大于0存在）
2021-11-19 11:34:38
执行了：  SELECT sp_uid,img_path FROM shop_waresimg WHERE sp_uid='3';  受影响行数为：4 
2021-11-19 11:34:38
执行了：  SELECT * FROM shop_wares WHERE sp_uid='3';  受影响行数为：1 作用：判断数据库存在不存在该数据（大于0存在）
2021-11-19 11:34:38
执行了：  SELECT sp_uid,sp_varieties,sp_name,sp_price,sp_num,sp_imgpath,sp_hot,sp_sold,sp_text FROM shop_wares WHERE sp_uid='3';  受影响行数为：1 
2021-11-19 11:35:54
执行了：  SELECT sp_uid,sp_name,sp_price,sp_imgpath,sp_hot,sp_sold FROM shop_wares WHERE  sp_state='上架'   order by sp_sold  desc limit 6;  受影响行数为：5 
2021-11-19 11:35:54
执行了：  SELECT sp_uid,sp_name,sp_price,sp_imgpath,sp_hot,sp_sold FROM shop_wares WHERE  sp_state='上架'   order by sp_hot  desc limit 6;  受影响行数为：5 
2021-11-19 11:35:54
执行了：  SELECT sp_uid,sp_name,sp_price,sp_imgpath,sp_hot,sp_sold FROM shop_wares WHERE  sp_state='上架'   order by create_time  desc limit 6;  受影响行数为：5 
2021-11-19 11:35:56
执行了：  SELECT * FROM shop_waresimg WHERE sp_uid='3';  受影响行数为：4 作用：判断数据库存在不存在该数据（大于0存在）
2021-11-19 11:35:56
执行了：  SELECT sp_uid,img_path FROM shop_waresimg WHERE sp_uid='3';  受影响行数为：4 
2021-11-19 11:35:56
执行了：  SELECT * FROM shop_wares WHERE sp_uid='3';  受影响行数为：1 作用：判断数据库存在不存在该数据（大于0存在）
2021-11-19 11:35:56
执行了：  SELECT sp_uid,sp_varieties,sp_name,sp_price,sp_num,sp_imgpath,sp_hot,sp_sold,sp_text FROM shop_wares WHERE sp_uid='3';  受影响行数为：1 
2021-11-19 11:36:52
执行了：  SELECT * FROM shop_waresimg WHERE sp_uid='3';  受影响行数为：4 作用：判断数据库存在不存在该数据（大于0存在）
2021-11-19 11:36:52
执行了：  SELECT sp_uid,img_path FROM shop_waresimg WHERE sp_uid='3';  受影响行数为：4 
2021-11-19 11:36:52
执行了：  SELECT * FROM shop_wares WHERE sp_uid='3';  受影响行数为：1 作用：判断数据库存在不存在该数据（大于0存在）
2021-11-19 11:36:52
执行了：  SELECT sp_uid,sp_varieties,sp_name,sp_price,sp_num,sp_imgpath,sp_hot,sp_sold,sp_text FROM shop_wares WHERE sp_uid='3';  受影响行数为：1 
2021-11-19 11:36:59
执行了：  SELECT * FROM shop_waresimg WHERE sp_uid='3';  受影响行数为：4 作用：判断数据库存在不存在该数据（大于0存在）
2021-11-19 11:36:59
执行了：  SELECT sp_uid,img_path FROM shop_waresimg WHERE sp_uid='3';  受影响行数为：4 
2021-11-19 11:36:59
执行了：  SELECT * FROM shop_wares WHERE sp_uid='3';  受影响行数为：1 作用：判断数据库存在不存在该数据（大于0存在）
2021-11-19 11:36:59
执行了：  SELECT sp_uid,sp_varieties,sp_name,sp_price,sp_num,sp_imgpath,sp_hot,sp_sold,sp_text FROM shop_wares WHERE sp_uid='3';  受影响行数为：1 
2021-11-19 11:37:37
执行了：  SELECT * FROM shop_waresimg WHERE sp_uid='3';  受影响行数为：4 作用：判断数据库存在不存在该数据（大于0存在）
2021-11-19 11:37:37
执行了：  SELECT sp_uid,img_path FROM shop_waresimg WHERE sp_uid='3';  受影响行数为：4 
2021-11-19 11:37:37
执行了：  SELECT * FROM shop_wares WHERE sp_uid='3';  受影响行数为：1 作用：判断数据库存在不存在该数据（大于0存在）
2021-11-19 11:37:37
执行了：  SELECT sp_uid,sp_varieties,sp_name,sp_price,sp_num,sp_imgpath,sp_hot,sp_sold,sp_text FROM shop_wares WHERE sp_uid='3';  受影响行数为：1 
2021-11-19 11:38:00
执行了：  SELECT * FROM shop_waresimg WHERE sp_uid='3';  受影响行数为：4 作用：判断数据库存在不存在该数据（大于0存在）
2021-11-19 11:38:00
执行了：  SELECT sp_uid,img_path FROM shop_waresimg WHERE sp_uid='3';  受影响行数为：4 
2021-11-19 11:38:00
执行了：  SELECT * FROM shop_wares WHERE sp_uid='3';  受影响行数为：1 作用：判断数据库存在不存在该数据（大于0存在）
2021-11-19 11:38:00
执行了：  SELECT sp_uid,sp_varieties,sp_name,sp_price,sp_num,sp_imgpath,sp_hot,sp_sold,sp_text FROM shop_wares WHERE sp_uid='3';  受影响行数为：1 
2021-11-19 11:40:39
执行了：  SELECT * FROM shop_waresimg WHERE sp_uid='3';  受影响行数为：4 作用：判断数据库存在不存在该数据（大于0存在）
2021-11-19 11:40:39
执行了：  SELECT sp_uid,img_path FROM shop_waresimg WHERE sp_uid='3';  受影响行数为：4 
2021-11-19 11:40:39
执行了：  SELECT * FROM shop_wares WHERE sp_uid='3';  受影响行数为：1 作用：判断数据库存在不存在该数据（大于0存在）
2021-11-19 11:40:39
执行了：  SELECT sp_uid,sp_varieties,sp_name,sp_price,sp_num,sp_imgpath,sp_hot,sp_sold,sp_text FROM shop_wares WHERE sp_uid='3';  受影响行数为：1 
2021-11-19 11:43:01
执行了：  SELECT * FROM shop_waresimg WHERE sp_uid='3';  受影响行数为：4 作用：判断数据库存在不存在该数据（大于0存在）
2021-11-19 11:43:01
执行了：  SELECT sp_uid,img_path FROM shop_waresimg WHERE sp_uid='3';  受影响行数为：4 
2021-11-19 11:43:01
执行了：  SELECT * FROM shop_wares WHERE sp_uid='3';  受影响行数为：1 作用：判断数据库存在不存在该数据（大于0存在）
2021-11-19 11:43:01
执行了：  SELECT sp_uid,sp_varieties,sp_name,sp_price,sp_num,sp_imgpath,sp_hot,sp_sold,sp_text FROM shop_wares WHERE sp_uid='3';  受影响行数为：1 
2021-11-19 11:43:09
执行了：  SELECT sp_uid,sp_name,sp_price,sp_imgpath,sp_hot,sp_sold FROM shop_wares WHERE  sp_state='上架'   order by sp_sold  desc limit 6;  受影响行数为：5 
2021-11-19 11:43:09
执行了：  SELECT sp_uid,sp_name,sp_price,sp_imgpath,sp_hot,sp_sold FROM shop_wares WHERE  sp_state='上架'   order by sp_hot  desc limit 6;  受影响行数为：5 
2021-11-19 11:43:09
执行了：  SELECT sp_uid,sp_name,sp_price,sp_imgpath,sp_hot,sp_sold FROM shop_wares WHERE  sp_state='上架'   order by create_time  desc limit 6;  受影响行数为：5 
2021-11-19 11:43:11
执行了：  SELECT * FROM shop_waresimg WHERE sp_uid='8';  受影响行数为：0 作用：判断数据库存在不存在该数据（大于0存在）
2021-11-19 11:43:11
执行了：  SELECT * FROM shop_wares WHERE sp_uid='8';  受影响行数为：1 作用：判断数据库存在不存在该数据（大于0存在）
2021-11-19 11:43:11
执行了：  SELECT sp_uid,sp_varieties,sp_name,sp_price,sp_num,sp_imgpath,sp_hot,sp_sold,sp_text FROM shop_wares WHERE sp_uid='8';  受影响行数为：1 
2021-11-19 12:45:25
执行了：  SELECT * FROM shop_waresimg WHERE sp_uid='3';  受影响行数为：4 作用：判断数据库存在不存在该数据（大于0存在）
2021-11-19 12:45:25
执行了：  SELECT sp_uid,img_path FROM shop_waresimg WHERE sp_uid='3';  受影响行数为：4 
2021-11-19 12:45:25
执行了：  SELECT * FROM shop_wares WHERE sp_uid='3';  受影响行数为：1 作用：判断数据库存在不存在该数据（大于0存在）
2021-11-19 12:45:25
执行了：  SELECT sp_uid,sp_varieties,sp_name,sp_price,sp_num,sp_imgpath,sp_hot,sp_sold,sp_text FROM shop_wares WHERE sp_uid='3';  受影响行数为：1 
2021-11-19 12:45:34
执行了：  SELECT * FROM shop_waresimg WHERE sp_uid='8';  受影响行数为：0 作用：判断数据库存在不存在该数据（大于0存在）
2021-11-19 12:45:34
执行了：  SELECT * FROM shop_wares WHERE sp_uid='8';  受影响行数为：1 作用：判断数据库存在不存在该数据（大于0存在）
2021-11-19 12:45:34
执行了：  SELECT sp_uid,sp_varieties,sp_name,sp_price,sp_num,sp_imgpath,sp_hot,sp_sold,sp_text FROM shop_wares WHERE sp_uid='8';  受影响行数为：1 
2021-11-19 12:46:02
执行了：  SELECT * FROM shop_waresimg WHERE sp_uid='3';  受影响行数为：4 作用：判断数据库存在不存在该数据（大于0存在）
2021-11-19 12:46:02
执行了：  SELECT sp_uid,img_path FROM shop_waresimg WHERE sp_uid='3';  受影响行数为：4 
2021-11-19 12:46:02
执行了：  SELECT * FROM shop_wares WHERE sp_uid='3';  受影响行数为：1 作用：判断数据库存在不存在该数据（大于0存在）
2021-11-19 12:46:02
执行了：  SELECT sp_uid,sp_varieties,sp_name,sp_price,sp_num,sp_imgpath,sp_hot,sp_sold,sp_text FROM shop_wares WHERE sp_uid='3';  受影响行数为：1 
2021-11-19 13:21:37
执行了：  SELECT sp_uid,sp_name,sp_price,sp_imgpath,sp_hot,sp_sold FROM shop_wares WHERE  sp_state='上架'   order by sp_sold  desc limit 6;  受影响行数为：5 
2021-11-19 13:21:38
执行了：  SELECT sp_uid,sp_name,sp_price,sp_imgpath,sp_hot,sp_sold FROM shop_wares WHERE  sp_state='上架'   order by sp_hot  desc limit 6;  受影响行数为：5 
2021-11-19 13:21:38
执行了：  SELECT sp_uid,sp_name,sp_price,sp_imgpath,sp_hot,sp_sold FROM shop_wares WHERE  sp_state='上架'   order by create_time  desc limit 6;  受影响行数为：5 
2021-11-19 13:21:41
执行了：  SELECT * FROM shop_waresimg WHERE sp_uid='8';  受影响行数为：0 作用：判断数据库存在不存在该数据（大于0存在）
2021-11-19 13:21:41
执行了：  SELECT * FROM shop_warestext WHERE sp_uid='8';  受影响行数为：0 作用：判断数据库存在不存在该数据（大于0存在）
2021-11-19 13:21:41
执行了：  SELECT * FROM shop_wares WHERE sp_uid='8';  受影响行数为：1 作用：判断数据库存在不存在该数据（大于0存在）
2021-11-19 13:21:41
执行了：  SELECT sp_uid,sp_varieties,sp_name,sp_price,sp_num,sp_imgpath,sp_hot,sp_sold,sp_text FROM shop_wares WHERE sp_uid='8';  受影响行数为：1 
2021-11-19 13:21:53
执行了：  SELECT * FROM shop_waresimg WHERE sp_uid='8';  受影响行数为：0 作用：判断数据库存在不存在该数据（大于0存在）
2021-11-19 13:21:53
执行了：  SELECT * FROM shop_warestext WHERE sp_uid='8';  受影响行数为：0 作用：判断数据库存在不存在该数据（大于0存在）
2021-11-19 13:21:53
执行了：  SELECT * FROM shop_wares WHERE sp_uid='8';  受影响行数为：1 作用：判断数据库存在不存在该数据（大于0存在）
2021-11-19 13:21:53
执行了：  SELECT sp_uid,sp_varieties,sp_name,sp_price,sp_num,sp_imgpath,sp_hot,sp_sold,sp_text FROM shop_wares WHERE sp_uid='8';  受影响行数为：1 
2021-11-19 13:22:41
执行了：  SELECT * FROM shop_waresimg WHERE sp_uid='8';  受影响行数为：0 作用：判断数据库存在不存在该数据（大于0存在）
2021-11-19 13:22:41
执行了：  SELECT * FROM shop_warestext WHERE sp_uid='8';  受影响行数为：0 作用：判断数据库存在不存在该数据（大于0存在）
2021-11-19 13:22:41
执行了：  SELECT * FROM shop_wares WHERE sp_uid='8';  受影响行数为：1 作用：判断数据库存在不存在该数据（大于0存在）
2021-11-19 13:22:41
执行了：  SELECT sp_uid,sp_varieties,sp_name,sp_price,sp_num,sp_imgpath,sp_hot,sp_sold,sp_text FROM shop_wares WHERE sp_uid='8';  受影响行数为：1 
2021-11-19 13:22:41
执行了：  SELECT * FROM shop_waresimg WHERE sp_uid='8';  受影响行数为：0 作用：判断数据库存在不存在该数据（大于0存在）
2021-11-19 13:22:41
执行了：  SELECT * FROM shop_warestext WHERE sp_uid='8';  受影响行数为：0 作用：判断数据库存在不存在该数据（大于0存在）
2021-11-19 13:22:41
执行了：  SELECT * FROM shop_wares WHERE sp_uid='8';  受影响行数为：1 作用：判断数据库存在不存在该数据（大于0存在）
2021-11-19 13:22:41
执行了：  SELECT sp_uid,sp_varieties,sp_name,sp_price,sp_num,sp_imgpath,sp_hot,sp_sold,sp_text FROM shop_wares WHERE sp_uid='8';  受影响行数为：1 
2021-11-19 13:23:25
执行了：  SELECT * FROM shop_waresimg WHERE sp_uid='8';  受影响行数为：0 作用：判断数据库存在不存在该数据（大于0存在）
2021-11-19 13:23:25
执行了：  SELECT * FROM shop_warestext WHERE sp_uid='8';  受影响行数为：0 作用：判断数据库存在不存在该数据（大于0存在）
2021-11-19 13:23:25
执行了：  SELECT * FROM shop_wares WHERE sp_uid='8';  受影响行数为：1 作用：判断数据库存在不存在该数据（大于0存在）
2021-11-19 13:23:25
执行了：  SELECT sp_uid,sp_varieties,sp_name,sp_price,sp_num,sp_imgpath,sp_hot,sp_sold,sp_text FROM shop_wares WHERE sp_uid='8';  受影响行数为：1 
2021-11-19 13:23:58
执行了：  SELECT * FROM shop_waresimg WHERE sp_uid='8';  受影响行数为：0 作用：判断数据库存在不存在该数据（大于0存在）
2021-11-19 13:23:58
执行了：  SELECT * FROM shop_warestext WHERE sp_uid='8';  受影响行数为：0 作用：判断数据库存在不存在该数据（大于0存在）
2021-11-19 13:23:58
执行了：  SELECT * FROM shop_wares WHERE sp_uid='8';  受影响行数为：1 作用：判断数据库存在不存在该数据（大于0存在）
2021-11-19 13:23:58
执行了：  SELECT sp_uid,sp_varieties,sp_name,sp_price,sp_num,sp_imgpath,sp_hot,sp_sold,sp_text FROM shop_wares WHERE sp_uid='8';  受影响行数为：1 
2021-11-19 13:24:31
执行了：  SELECT * FROM shop_waresimg WHERE sp_uid='8';  受影响行数为：0 作用：判断数据库存在不存在该数据（大于0存在）
2021-11-19 13:24:31
执行了：  SELECT * FROM shop_warestext WHERE sp_uid='8';  受影响行数为：0 作用：判断数据库存在不存在该数据（大于0存在）
2021-11-19 13:24:31
执行了：  SELECT * FROM shop_wares WHERE sp_uid='8';  受影响行数为：1 作用：判断数据库存在不存在该数据（大于0存在）
2021-11-19 13:24:31
执行了：  SELECT sp_uid,sp_varieties,sp_name,sp_price,sp_num,sp_imgpath,sp_hot,sp_sold,sp_text FROM shop_wares WHERE sp_uid='8';  受影响行数为：1 
2021-11-19 13:25:04
执行了：  SELECT * FROM shop_waresimg WHERE sp_uid='8';  受影响行数为：0 作用：判断数据库存在不存在该数据（大于0存在）
2021-11-19 13:25:05
执行了：  SELECT * FROM shop_warestext WHERE sp_uid='8';  受影响行数为：0 作用：判断数据库存在不存在该数据（大于0存在）
2021-11-19 13:25:05
执行了：  SELECT * FROM shop_wares WHERE sp_uid='8';  受影响行数为：1 作用：判断数据库存在不存在该数据（大于0存在）
2021-11-19 13:25:05
执行了：  SELECT sp_uid,sp_varieties,sp_name,sp_price,sp_num,sp_imgpath,sp_hot,sp_sold,sp_text FROM shop_wares WHERE sp_uid='8';  受影响行数为：1 
2021-11-19 13:25:31
执行了：  SELECT * FROM shop_waresimg WHERE sp_uid='8';  受影响行数为：0 作用：判断数据库存在不存在该数据（大于0存在）
2021-11-19 13:25:31
执行了：  SELECT * FROM shop_warestext WHERE sp_uid='8';  受影响行数为：0 作用：判断数据库存在不存在该数据（大于0存在）
2021-11-19 13:25:31
执行了：  SELECT * FROM shop_wares WHERE sp_uid='8';  受影响行数为：1 作用：判断数据库存在不存在该数据（大于0存在）
2021-11-19 13:25:31
执行了：  SELECT sp_uid,sp_varieties,sp_name,sp_price,sp_num,sp_imgpath,sp_hot,sp_sold,sp_text FROM shop_wares WHERE sp_uid='8';  受影响行数为：1 
2021-11-19 13:26:04
执行了：  SELECT * FROM shop_waresimg WHERE sp_uid='8';  受影响行数为：0 作用：判断数据库存在不存在该数据（大于0存在）
2021-11-19 13:26:04
执行了：  SELECT * FROM shop_warestext WHERE sp_uid='8';  受影响行数为：0 作用：判断数据库存在不存在该数据（大于0存在）
2021-11-19 13:26:04
执行了：  SELECT * FROM shop_wares WHERE sp_uid='8';  受影响行数为：1 作用：判断数据库存在不存在该数据（大于0存在）
2021-11-19 13:26:04
执行了：  SELECT sp_uid,sp_varieties,sp_name,sp_price,sp_num,sp_imgpath,sp_hot,sp_sold,sp_text FROM shop_wares WHERE sp_uid='8';  受影响行数为：1 
2021-11-19 13:26:26
执行了：  SELECT * FROM shop_waresimg WHERE sp_uid='8';  受影响行数为：0 作用：判断数据库存在不存在该数据（大于0存在）
2021-11-19 13:26:26
执行了：  SELECT * FROM shop_warestext WHERE sp_uid='8';  受影响行数为：0 作用：判断数据库存在不存在该数据（大于0存在）
2021-11-19 13:26:26
执行了：  SELECT * FROM shop_wares WHERE sp_uid='8';  受影响行数为：1 作用：判断数据库存在不存在该数据（大于0存在）
2021-11-19 13:26:26
执行了：  SELECT sp_uid,sp_varieties,sp_name,sp_price,sp_num,sp_imgpath,sp_hot,sp_sold,sp_text FROM shop_wares WHERE sp_uid='8';  受影响行数为：1 
2021-11-19 13:27:12
执行了：  SELECT * FROM shop_waresimg WHERE sp_uid='8';  受影响行数为：0 作用：判断数据库存在不存在该数据（大于0存在）
2021-11-19 13:27:12
执行了：  SELECT * FROM shop_warestext WHERE sp_uid='8';  受影响行数为：0 作用：判断数据库存在不存在该数据（大于0存在）
2021-11-19 13:27:12
执行了：  SELECT * FROM shop_wares WHERE sp_uid='8';  受影响行数为：1 作用：判断数据库存在不存在该数据（大于0存在）
2021-11-19 13:27:12
执行了：  SELECT sp_uid,sp_varieties,sp_name,sp_price,sp_num,sp_imgpath,sp_hot,sp_sold,sp_text FROM shop_wares WHERE sp_uid='8';  受影响行数为：1 
2021-11-19 13:27:44
执行了：  SELECT * FROM shop_waresimg WHERE sp_uid='8';  受影响行数为：0 作用：判断数据库存在不存在该数据（大于0存在）
2021-11-19 13:27:44
执行了：  SELECT * FROM shop_warestext WHERE sp_uid='8';  受影响行数为：0 作用：判断数据库存在不存在该数据（大于0存在）
2021-11-19 13:27:44
执行了：  SELECT * FROM shop_wares WHERE sp_uid='8';  受影响行数为：1 作用：判断数据库存在不存在该数据（大于0存在）
2021-11-19 13:27:44
执行了：  SELECT sp_uid,sp_varieties,sp_name,sp_price,sp_num,sp_imgpath,sp_hot,sp_sold,sp_text FROM shop_wares WHERE sp_uid='8';  受影响行数为：1 
2021-11-19 13:28:07
执行了：  SELECT * FROM shop_waresimg WHERE sp_uid='8';  受影响行数为：0 作用：判断数据库存在不存在该数据（大于0存在）
2021-11-19 13:28:07
执行了：  SELECT * FROM shop_warestext WHERE sp_uid='8';  受影响行数为：0 作用：判断数据库存在不存在该数据（大于0存在）
2021-11-19 13:28:07
执行了：  SELECT * FROM shop_wares WHERE sp_uid='8';  受影响行数为：1 作用：判断数据库存在不存在该数据（大于0存在）
2021-11-19 13:28:07
执行了：  SELECT sp_uid,sp_varieties,sp_name,sp_price,sp_num,sp_imgpath,sp_hot,sp_sold,sp_text FROM shop_wares WHERE sp_uid='8';  受影响行数为：1 
2021-11-19 13:28:57
执行了：  SELECT * FROM shop_waresimg WHERE sp_uid='3';  受影响行数为：4 作用：判断数据库存在不存在该数据（大于0存在）
2021-11-19 13:28:57
执行了：  SELECT sp_uid,img_path FROM shop_waresimg WHERE sp_uid='3';  受影响行数为：4 
2021-11-19 13:28:57
执行了：  SELECT * FROM shop_warestext WHERE sp_uid='3';  受影响行数为：1 作用：判断数据库存在不存在该数据（大于0存在）
2021-11-19 13:28:57
执行了：  SELECT sp_uid,spuidtext FROM shop_warestext WHERE sp_uid='3';  受影响行数为：1 
2021-11-19 13:28:57
执行了：  SELECT * FROM shop_wares WHERE sp_uid='3';  受影响行数为：1 作用：判断数据库存在不存在该数据（大于0存在）
2021-11-19 13:28:57
执行了：  SELECT sp_uid,sp_varieties,sp_name,sp_price,sp_num,sp_imgpath,sp_hot,sp_sold,sp_text FROM shop_wares WHERE sp_uid='3';  受影响行数为：1 
2021-11-19 13:29:34
执行了：  SELECT * FROM shop_waresimg WHERE sp_uid='3';  受影响行数为：4 作用：判断数据库存在不存在该数据（大于0存在）
2021-11-19 13:29:34
执行了：  SELECT sp_uid,img_path FROM shop_waresimg WHERE sp_uid='3';  受影响行数为：4 
2021-11-19 13:29:34
执行了：  SELECT * FROM shop_warestext WHERE sp_uid='3';  受影响行数为：1 作用：判断数据库存在不存在该数据（大于0存在）
2021-11-19 13:29:34
执行了：  SELECT sp_uid,spuidtext FROM shop_warestext WHERE sp_uid='3';  受影响行数为：1 
2021-11-19 13:29:34
执行了：  SELECT * FROM shop_wares WHERE sp_uid='3';  受影响行数为：1 作用：判断数据库存在不存在该数据（大于0存在）
2021-11-19 13:29:34
执行了：  SELECT sp_uid,sp_varieties,sp_name,sp_price,sp_num,sp_imgpath,sp_hot,sp_sold,sp_text FROM shop_wares WHERE sp_uid='3';  受影响行数为：1 
2021-11-19 13:33:09
执行了：  SELECT sp_uid,sp_name,sp_price,sp_imgpath,sp_hot,sp_sold FROM shop_wares WHERE  sp_state='上架'   order by sp_sold  desc limit 6;  受影响行数为：5 
2021-11-19 13:33:09
执行了：  SELECT sp_uid,sp_name,sp_price,sp_imgpath,sp_hot,sp_sold FROM shop_wares WHERE  sp_state='上架'   order by sp_hot  desc limit 6;  受影响行数为：5 
2021-11-19 13:33:09
执行了：  SELECT sp_uid,sp_name,sp_price,sp_imgpath,sp_hot,sp_sold FROM shop_wares WHERE  sp_state='上架'   order by create_time  desc limit 6;  受影响行数为：5 
2021-11-19 13:33:11
执行了：  SELECT sp_uid,sp_name,sp_price,sp_imgpath,sp_hot,sp_sold FROM shop_wares WHERE  sp_state='上架'   order by sp_sold  desc limit 6;  受影响行数为：5 
2021-11-19 13:33:11
执行了：  SELECT sp_uid,sp_name,sp_price,sp_imgpath,sp_hot,sp_sold FROM shop_wares WHERE  sp_state='上架'   order by sp_hot  desc limit 6;  受影响行数为：5 
2021-11-19 13:33:11
执行了：  SELECT sp_uid,sp_name,sp_price,sp_imgpath,sp_hot,sp_sold FROM shop_wares WHERE  sp_state='上架'   order by create_time  desc limit 6;  受影响行数为：5 
2021-11-19 13:33:11
执行了：  SELECT sp_uid,sp_name,sp_price,sp_imgpath,sp_hot,sp_sold FROM shop_wares WHERE  sp_state='上架'   order by sp_sold  desc limit 6;  受影响行数为：5 
2021-11-19 13:33:11
执行了：  SELECT sp_uid,sp_name,sp_price,sp_imgpath,sp_hot,sp_sold FROM shop_wares WHERE  sp_state='上架'   order by sp_hot  desc limit 6;  受影响行数为：5 
2021-11-19 13:33:11
执行了：  SELECT sp_uid,sp_name,sp_price,sp_imgpath,sp_hot,sp_sold FROM shop_wares WHERE  sp_state='上架'   order by create_time  desc limit 6;  受影响行数为：5 
2021-11-19 13:33:40
执行了：  SELECT sp_uid,sp_name,sp_price,sp_imgpath,sp_hot,sp_sold FROM shop_wares WHERE  sp_state='上架'   order by sp_sold  desc limit 6;  受影响行数为：5 
2021-11-19 13:33:40
执行了：  SELECT sp_uid,sp_name,sp_price,sp_imgpath,sp_hot,sp_sold FROM shop_wares WHERE  sp_state='上架'   order by sp_hot  desc limit 6;  受影响行数为：5 
2021-11-19 13:33:40
执行了：  SELECT sp_uid,sp_name,sp_price,sp_imgpath,sp_hot,sp_sold FROM shop_wares WHERE  sp_state='上架'   order by create_time  desc limit 6;  受影响行数为：5 
2021-11-19 13:33:56
执行了：  SELECT sp_uid,sp_name,sp_price,sp_imgpath,sp_hot,sp_sold FROM shop_wares WHERE  sp_state='上架'   order by sp_sold  desc limit 6;  受影响行数为：5 
2021-11-19 13:33:56
执行了：  SELECT sp_uid,sp_name,sp_price,sp_imgpath,sp_hot,sp_sold FROM shop_wares WHERE  sp_state='上架'   order by sp_hot  desc limit 6;  受影响行数为：5 
2021-11-19 13:33:56
执行了：  SELECT sp_uid,sp_name,sp_price,sp_imgpath,sp_hot,sp_sold FROM shop_wares WHERE  sp_state='上架'   order by create_time  desc limit 6;  受影响行数为：5 
2021-11-19 13:34:03
执行了：  SELECT sp_uid,sp_name,sp_price,sp_imgpath,sp_hot,sp_sold FROM shop_wares WHERE  sp_state='上架'   order by sp_sold  desc limit 6;  受影响行数为：5 
2021-11-19 13:34:03
执行了：  SELECT sp_uid,sp_name,sp_price,sp_imgpath,sp_hot,sp_sold FROM shop_wares WHERE  sp_state='上架'   order by sp_hot  desc limit 6;  受影响行数为：5 
2021-11-19 13:34:03
执行了：  SELECT sp_uid,sp_name,sp_price,sp_imgpath,sp_hot,sp_sold FROM shop_wares WHERE  sp_state='上架'   order by create_time  desc limit 6;  受影响行数为：5 
2021-11-19 13:34:25
执行了：  SELECT sp_uid,sp_name,sp_price,sp_imgpath,sp_hot,sp_sold FROM shop_wares WHERE  sp_state='上架'   order by sp_sold  desc limit 6;  受影响行数为：5 
2021-11-19 13:34:25
执行了：  SELECT sp_uid,sp_name,sp_price,sp_imgpath,sp_hot,sp_sold FROM shop_wares WHERE  sp_state='上架'   order by sp_hot  desc limit 6;  受影响行数为：5 
2021-11-19 13:34:25
执行了：  SELECT sp_uid,sp_name,sp_price,sp_imgpath,sp_hot,sp_sold FROM shop_wares WHERE  sp_state='上架'   order by create_time  desc limit 6;  受影响行数为：5 
2021-11-19 13:35:26
执行了：  SELECT sp_uid,sp_name,sp_price,sp_imgpath,sp_hot,sp_sold FROM shop_wares WHERE  sp_state='上架'   order by sp_sold  desc limit 6;  受影响行数为：5 
2021-11-19 13:35:26
执行了：  SELECT sp_uid,sp_name,sp_price,sp_imgpath,sp_hot,sp_sold FROM shop_wares WHERE  sp_state='上架'   order by sp_hot  desc limit 6;  受影响行数为：5 
2021-11-19 13:35:26
执行了：  SELECT sp_uid,sp_name,sp_price,sp_imgpath,sp_hot,sp_sold FROM shop_wares WHERE  sp_state='上架'   order by create_time  desc limit 6;  受影响行数为：5 
2021-11-19 13:42:33
执行了：  SELECT * FROM shop_waresimg WHERE sp_uid='7';  受影响行数为：0 作用：判断数据库存在不存在该数据（大于0存在）
2021-11-19 13:42:33
执行了：  SELECT * FROM shop_warestext WHERE sp_uid='7';  受影响行数为：0 作用：判断数据库存在不存在该数据（大于0存在）
2021-11-19 13:42:33
执行了：  SELECT * FROM shop_wares WHERE sp_uid='7';  受影响行数为：1 作用：判断数据库存在不存在该数据（大于0存在）
2021-11-19 13:42:33
执行了：  SELECT sp_uid,sp_varieties,sp_name,sp_price,sp_num,sp_imgpath,sp_hot,sp_sold,sp_text FROM shop_wares WHERE sp_uid='7';  受影响行数为：1 
2021-11-19 13:42:41
执行了：  SELECT * FROM shop_waresimg WHERE sp_uid='5';  受影响行数为：0 作用：判断数据库存在不存在该数据（大于0存在）
2021-11-19 13:42:41
执行了：  SELECT * FROM shop_warestext WHERE sp_uid='5';  受影响行数为：1 作用：判断数据库存在不存在该数据（大于0存在）
2021-11-19 13:42:41
执行了：  SELECT sp_uid,spuidtext FROM shop_warestext WHERE sp_uid='5';  受影响行数为：1 
2021-11-19 13:42:41
执行了：  SELECT * FROM shop_wares WHERE sp_uid='5';  受影响行数为：1 作用：判断数据库存在不存在该数据（大于0存在）
2021-11-19 13:42:41
执行了：  SELECT sp_uid,sp_varieties,sp_name,sp_price,sp_num,sp_imgpath,sp_hot,sp_sold,sp_text FROM shop_wares WHERE sp_uid='5';  受影响行数为：1 
2021-11-19 13:48:28
执行了：  SELECT * FROM shop_waresimg WHERE sp_uid='5';  受影响行数为：0 作用：判断数据库存在不存在该数据（大于0存在）
2021-11-19 13:48:28
执行了：  SELECT * FROM shop_warestext WHERE sp_uid='5';  受影响行数为：1 作用：判断数据库存在不存在该数据（大于0存在）
2021-11-19 13:48:28
执行了：  SELECT sp_uid,spuidtext FROM shop_warestext WHERE sp_uid='5';  受影响行数为：1 
2021-11-19 13:48:28
执行了：  SELECT * FROM shop_wares WHERE sp_uid='5';  受影响行数为：1 作用：判断数据库存在不存在该数据（大于0存在）
2021-11-19 13:48:28
执行了：  SELECT sp_uid,sp_varieties,sp_name,sp_price,sp_num,sp_imgpath,sp_hot,sp_sold,sp_text FROM shop_wares WHERE sp_uid='5';  受影响行数为：1 
2021-11-19 13:48:38
执行了：  SELECT * FROM shop_waresimg WHERE sp_uid='3';  受影响行数为：4 作用：判断数据库存在不存在该数据（大于0存在）
2021-11-19 13:48:38
执行了：  SELECT sp_uid,img_path FROM shop_waresimg WHERE sp_uid='3';  受影响行数为：4 
2021-11-19 13:48:38
执行了：  SELECT * FROM shop_warestext WHERE sp_uid='3';  受影响行数为：1 作用：判断数据库存在不存在该数据（大于0存在）
2021-11-19 13:48:38
执行了：  SELECT sp_uid,spuidtext FROM shop_warestext WHERE sp_uid='3';  受影响行数为：1 
2021-11-19 13:48:38
执行了：  SELECT * FROM shop_wares WHERE sp_uid='3';  受影响行数为：1 作用：判断数据库存在不存在该数据（大于0存在）
2021-11-19 13:48:38
执行了：  SELECT sp_uid,sp_varieties,sp_name,sp_price,sp_num,sp_imgpath,sp_hot,sp_sold,sp_text FROM shop_wares WHERE sp_uid='3';  受影响行数为：1 
2021-11-19 13:48:53
执行了：  SELECT sp_uid,sp_name,sp_price,sp_imgpath,sp_hot,sp_sold FROM shop_wares WHERE  sp_state='上架'   order by sp_sold  desc limit 6;  受影响行数为：5 
2021-11-19 13:48:53
执行了：  SELECT sp_uid,sp_name,sp_price,sp_imgpath,sp_hot,sp_sold FROM shop_wares WHERE  sp_state='上架'   order by sp_hot  desc limit 6;  受影响行数为：5 
2021-11-19 13:48:53
执行了：  SELECT sp_uid,sp_name,sp_price,sp_imgpath,sp_hot,sp_sold FROM shop_wares WHERE  sp_state='上架'   order by create_time  desc limit 6;  受影响行数为：5 
2021-11-19 13:49:02
执行了：  SELECT sp_uid,sp_name,sp_price,sp_imgpath,sp_hot,sp_sold FROM shop_wares WHERE  sp_state='上架'   order by sp_sold  desc limit 6;  受影响行数为：5 
2021-11-19 13:49:02
执行了：  SELECT sp_uid,sp_name,sp_price,sp_imgpath,sp_hot,sp_sold FROM shop_wares WHERE  sp_state='上架'   order by sp_hot  desc limit 6;  受影响行数为：5 
2021-11-19 13:49:02
执行了：  SELECT sp_uid,sp_name,sp_price,sp_imgpath,sp_hot,sp_sold FROM shop_wares WHERE  sp_state='上架'   order by create_time  desc limit 6;  受影响行数为：5 
2021-11-19 13:49:46
执行了：  SELECT * FROM shop_waresimg WHERE sp_uid='7';  受影响行数为：0 作用：判断数据库存在不存在该数据（大于0存在）
2021-11-19 13:49:46
执行了：  SELECT * FROM shop_warestext WHERE sp_uid='7';  受影响行数为：1 作用：判断数据库存在不存在该数据（大于0存在）
2021-11-19 13:49:46
执行了：  SELECT sp_uid,spuidtext FROM shop_warestext WHERE sp_uid='7';  受影响行数为：1 
2021-11-19 13:49:46
执行了：  SELECT * FROM shop_wares WHERE sp_uid='7';  受影响行数为：1 作用：判断数据库存在不存在该数据（大于0存在）
2021-11-19 13:49:46
执行了：  SELECT sp_uid,sp_varieties,sp_name,sp_price,sp_num,sp_imgpath,sp_hot,sp_sold,sp_text FROM shop_wares WHERE sp_uid='7';  受影响行数为：1 
2021-11-19 13:49:59
执行了：  SELECT sp_uid,sp_name,sp_price,sp_imgpath,sp_hot,sp_sold FROM shop_wares WHERE  sp_state='上架'   order by sp_sold  desc limit 6;  受影响行数为：5 
2021-11-19 13:49:59
执行了：  SELECT sp_uid,sp_name,sp_price,sp_imgpath,sp_hot,sp_sold FROM shop_wares WHERE  sp_state='上架'   order by sp_hot  desc limit 6;  受影响行数为：5 
2021-11-19 13:49:59
执行了：  SELECT sp_uid,sp_name,sp_price,sp_imgpath,sp_hot,sp_sold FROM shop_wares WHERE  sp_state='上架'   order by create_time  desc limit 6;  受影响行数为：5 
2021-11-19 13:51:20
执行了：  SELECT sp_uid,sp_name,sp_price,sp_imgpath,sp_hot,sp_sold FROM shop_wares WHERE  sp_state='上架'   order by sp_sold  desc limit 6;  受影响行数为：5 
2021-11-19 13:51:20
执行了：  SELECT sp_uid,sp_name,sp_price,sp_imgpath,sp_hot,sp_sold FROM shop_wares WHERE  sp_state='上架'   order by sp_hot  desc limit 6;  受影响行数为：5 
2021-11-19 13:51:20
执行了：  SELECT sp_uid,sp_name,sp_price,sp_imgpath,sp_hot,sp_sold FROM shop_wares WHERE  sp_state='上架'   order by create_time  desc limit 6;  受影响行数为：5 
2021-11-19 14:05:12
执行了：  SELECT sp_uid,sp_name,sp_price,sp_imgpath,sp_hot,sp_sold FROM shop_wares WHERE  sp_state='上架'   order by sp_sold  desc limit 6;  受影响行数为：5 
2021-11-19 14:05:12
执行了：  SELECT sp_uid,sp_name,sp_price,sp_imgpath,sp_hot,sp_sold FROM shop_wares WHERE  sp_state='上架'   order by sp_hot  desc limit 6;  受影响行数为：5 
2021-11-19 14:05:12
执行了：  SELECT sp_uid,sp_name,sp_price,sp_imgpath,sp_hot,sp_sold FROM shop_wares WHERE  sp_state='上架'   order by create_time  desc limit 6;  受影响行数为：5 
2021-11-19 14:05:28
执行了：  SELECT sp_uid,sp_name,sp_price,sp_imgpath,sp_hot,sp_sold FROM shop_wares WHERE  sp_state='上架'   order by sp_sold  desc limit 6;  受影响行数为：5 
2021-11-19 14:05:28
执行了：  SELECT sp_uid,sp_name,sp_price,sp_imgpath,sp_hot,sp_sold FROM shop_wares WHERE  sp_state='上架'   order by sp_hot  desc limit 6;  受影响行数为：5 
2021-11-19 14:05:28
执行了：  SELECT sp_uid,sp_name,sp_price,sp_imgpath,sp_hot,sp_sold FROM shop_wares WHERE  sp_state='上架'   order by create_time  desc limit 6;  受影响行数为：5 
2021-11-19 14:16:27
执行了：  SELECT sp_uid,sp_name,sp_price,sp_imgpath,sp_hot,sp_sold FROM shop_wares WHERE  sp_state='上架'   order by sp_sold  desc limit 6;  受影响行数为：5 
2021-11-19 14:16:27
执行了：  SELECT sp_uid,sp_name,sp_price,sp_imgpath,sp_hot,sp_sold FROM shop_wares WHERE  sp_state='上架'   order by sp_hot  desc limit 6;  受影响行数为：5 
2021-11-19 14:16:28
执行了：  SELECT sp_uid,sp_name,sp_price,sp_imgpath,sp_hot,sp_sold FROM shop_wares WHERE  sp_state='上架'   order by create_time  desc limit 6;  受影响行数为：5 
2021-11-19 14:16:31
执行了：  SELECT * FROM shop_waresimg WHERE sp_uid='8';  受影响行数为：1 作用：判断数据库存在不存在该数据（大于0存在）
2021-11-19 14:16:31
执行了：  SELECT sp_uid,img_path FROM shop_waresimg WHERE sp_uid='8';  受影响行数为：1 
2021-11-19 14:16:31
执行了：  SELECT * FROM shop_warestext WHERE sp_uid='8';  受影响行数为：0 作用：判断数据库存在不存在该数据（大于0存在）
2021-11-19 14:16:31
执行了：  SELECT * FROM shop_wares WHERE sp_uid='8';  受影响行数为：1 作用：判断数据库存在不存在该数据（大于0存在）
2021-11-19 14:16:31
执行了：  SELECT sp_uid,sp_varieties,sp_name,sp_price,sp_num,sp_imgpath,sp_hot,sp_sold,sp_text FROM shop_wares WHERE sp_uid='8';  受影响行数为：1 
2021-11-19 14:16:46
执行了：  SELECT * FROM shop_waresimg WHERE sp_uid='8';  受影响行数为：1 作用：判断数据库存在不存在该数据（大于0存在）
2021-11-19 14:16:46
执行了：  SELECT sp_uid,img_path FROM shop_waresimg WHERE sp_uid='8';  受影响行数为：1 
2021-11-19 14:16:46
执行了：  SELECT * FROM shop_warestext WHERE sp_uid='8';  受影响行数为：0 作用：判断数据库存在不存在该数据（大于0存在）
2021-11-19 14:16:46
执行了：  SELECT * FROM shop_wares WHERE sp_uid='8';  受影响行数为：1 作用：判断数据库存在不存在该数据（大于0存在）
2021-11-19 14:16:46
执行了：  SELECT sp_uid,sp_varieties,sp_name,sp_price,sp_num,sp_imgpath,sp_hot,sp_sold,sp_text FROM shop_wares WHERE sp_uid='8';  受影响行数为：1 
2021-11-19 14:16:46
执行了：  SELECT * FROM shop_waresimg WHERE sp_uid='8';  受影响行数为：1 作用：判断数据库存在不存在该数据（大于0存在）
2021-11-19 14:16:47
执行了：  SELECT sp_uid,img_path FROM shop_waresimg WHERE sp_uid='8';  受影响行数为：1 
2021-11-19 14:16:47
执行了：  SELECT * FROM shop_warestext WHERE sp_uid='8';  受影响行数为：0 作用：判断数据库存在不存在该数据（大于0存在）
2021-11-19 14:16:47
执行了：  SELECT * FROM shop_wares WHERE sp_uid='8';  受影响行数为：1 作用：判断数据库存在不存在该数据（大于0存在）
2021-11-19 14:16:47
执行了：  SELECT sp_uid,sp_varieties,sp_name,sp_price,sp_num,sp_imgpath,sp_hot,sp_sold,sp_text FROM shop_wares WHERE sp_uid='8';  受影响行数为：1 
2021-11-19 14:16:47
执行了：  SELECT * FROM shop_waresimg WHERE sp_uid='8';  受影响行数为：1 作用：判断数据库存在不存在该数据（大于0存在）
2021-11-19 14:16:47
执行了：  SELECT sp_uid,img_path FROM shop_waresimg WHERE sp_uid='8';  受影响行数为：1 
2021-11-19 14:16:47
执行了：  SELECT * FROM shop_warestext WHERE sp_uid='8';  受影响行数为：0 作用：判断数据库存在不存在该数据（大于0存在）
2021-11-19 14:16:47
执行了：  SELECT * FROM shop_wares WHERE sp_uid='8';  受影响行数为：1 作用：判断数据库存在不存在该数据（大于0存在）
2021-11-19 14:16:47
执行了：  SELECT sp_uid,sp_varieties,sp_name,sp_price,sp_num,sp_imgpath,sp_hot,sp_sold,sp_text FROM shop_wares WHERE sp_uid='8';  受影响行数为：1 
2021-11-19 14:16:47
执行了：  SELECT * FROM shop_waresimg WHERE sp_uid='8';  受影响行数为：1 作用：判断数据库存在不存在该数据（大于0存在）
2021-11-19 14:16:47
执行了：  SELECT sp_uid,img_path FROM shop_waresimg WHERE sp_uid='8';  受影响行数为：1 
2021-11-19 14:16:47
执行了：  SELECT * FROM shop_warestext WHERE sp_uid='8';  受影响行数为：0 作用：判断数据库存在不存在该数据（大于0存在）
2021-11-19 14:16:47
执行了：  SELECT * FROM shop_wares WHERE sp_uid='8';  受影响行数为：1 作用：判断数据库存在不存在该数据（大于0存在）
2021-11-19 14:16:47
执行了：  SELECT sp_uid,sp_varieties,sp_name,sp_price,sp_num,sp_imgpath,sp_hot,sp_sold,sp_text FROM shop_wares WHERE sp_uid='8';  受影响行数为：1 
2021-11-19 14:16:47
执行了：  SELECT * FROM shop_waresimg WHERE sp_uid='8';  受影响行数为：1 作用：判断数据库存在不存在该数据（大于0存在）
2021-11-19 14:16:47
执行了：  SELECT sp_uid,img_path FROM shop_waresimg WHERE sp_uid='8';  受影响行数为：1 
2021-11-19 14:16:47
执行了：  SELECT * FROM shop_warestext WHERE sp_uid='8';  受影响行数为：0 作用：判断数据库存在不存在该数据（大于0存在）
2021-11-19 14:16:47
执行了：  SELECT * FROM shop_wares WHERE sp_uid='8';  受影响行数为：1 作用：判断数据库存在不存在该数据（大于0存在）
2021-11-19 14:16:47
执行了：  SELECT sp_uid,sp_varieties,sp_name,sp_price,sp_num,sp_imgpath,sp_hot,sp_sold,sp_text FROM shop_wares WHERE sp_uid='8';  受影响行数为：1 
2021-11-19 14:17:26
执行了：  SELECT * FROM shop_waresimg WHERE sp_uid='8';  受影响行数为：1 作用：判断数据库存在不存在该数据（大于0存在）
2021-11-19 14:17:26
执行了：  SELECT sp_uid,img_path FROM shop_waresimg WHERE sp_uid='8';  受影响行数为：1 
2021-11-19 14:17:26
执行了：  SELECT * FROM shop_warestext WHERE sp_uid='8';  受影响行数为：0 作用：判断数据库存在不存在该数据（大于0存在）
2021-11-19 14:17:26
执行了：  SELECT * FROM shop_wares WHERE sp_uid='8';  受影响行数为：1 作用：判断数据库存在不存在该数据（大于0存在）
2021-11-19 14:17:26
执行了：  SELECT sp_uid,sp_varieties,sp_name,sp_price,sp_num,sp_imgpath,sp_hot,sp_sold,sp_text FROM shop_wares WHERE sp_uid='8';  受影响行数为：1 
2021-11-19 14:17:30
执行了：  SELECT * FROM shop_waresimg WHERE sp_uid='8';  受影响行数为：1 作用：判断数据库存在不存在该数据（大于0存在）
2021-11-19 14:17:30
执行了：  SELECT sp_uid,img_path FROM shop_waresimg WHERE sp_uid='8';  受影响行数为：1 
2021-11-19 14:17:30
执行了：  SELECT * FROM shop_warestext WHERE sp_uid='8';  受影响行数为：0 作用：判断数据库存在不存在该数据（大于0存在）
2021-11-19 14:17:30
执行了：  SELECT * FROM shop_wares WHERE sp_uid='8';  受影响行数为：1 作用：判断数据库存在不存在该数据（大于0存在）
2021-11-19 14:17:30
执行了：  SELECT sp_uid,sp_varieties,sp_name,sp_price,sp_num,sp_imgpath,sp_hot,sp_sold,sp_text FROM shop_wares WHERE sp_uid='8';  受影响行数为：1 
2021-11-19 14:17:35
执行了：  SELECT * FROM shop_waresimg WHERE sp_uid='5';  受影响行数为：0 作用：判断数据库存在不存在该数据（大于0存在）
2021-11-19 14:17:35
执行了：  SELECT * FROM shop_warestext WHERE sp_uid='5';  受影响行数为：1 作用：判断数据库存在不存在该数据（大于0存在）
2021-11-19 14:17:35
执行了：  SELECT sp_uid,spuidtext FROM shop_warestext WHERE sp_uid='5';  受影响行数为：1 
2021-11-19 14:17:35
执行了：  SELECT * FROM shop_wares WHERE sp_uid='5';  受影响行数为：1 作用：判断数据库存在不存在该数据（大于0存在）
2021-11-19 14:17:35
执行了：  SELECT sp_uid,sp_varieties,sp_name,sp_price,sp_num,sp_imgpath,sp_hot,sp_sold,sp_text FROM shop_wares WHERE sp_uid='5';  受影响行数为：1 
2021-11-19 14:18:30
执行了：  SELECT sp_uid,sp_name,sp_price,sp_imgpath,sp_hot,sp_sold FROM shop_wares WHERE  sp_state='上架'   order by sp_sold  desc limit 6;  受影响行数为：5 
2021-11-19 14:18:30
执行了：  SELECT sp_uid,sp_name,sp_price,sp_imgpath,sp_hot,sp_sold FROM shop_wares WHERE  sp_state='上架'   order by sp_hot  desc limit 6;  受影响行数为：5 
2021-11-19 14:18:30
执行了：  SELECT sp_uid,sp_name,sp_price,sp_imgpath,sp_hot,sp_sold FROM shop_wares WHERE  sp_state='上架'   order by create_time  desc limit 6;  受影响行数为：5 
2021-11-19 14:18:33
执行了：  SELECT * FROM shop_waresimg WHERE sp_uid='8';  受影响行数为：1 作用：判断数据库存在不存在该数据（大于0存在）
2021-11-19 14:18:33
执行了：  SELECT sp_uid,img_path FROM shop_waresimg WHERE sp_uid='8';  受影响行数为：1 
2021-11-19 14:18:33
执行了：  SELECT * FROM shop_warestext WHERE sp_uid='8';  受影响行数为：0 作用：判断数据库存在不存在该数据（大于0存在）
2021-11-19 14:18:33
执行了：  SELECT * FROM shop_wares WHERE sp_uid='8';  受影响行数为：1 作用：判断数据库存在不存在该数据（大于0存在）
2021-11-19 14:18:33
执行了：  SELECT sp_uid,sp_varieties,sp_name,sp_price,sp_num,sp_imgpath,sp_hot,sp_sold,sp_text FROM shop_wares WHERE sp_uid='8';  受影响行数为：1 
2021-11-19 14:55:25
执行了：  SELECT * FROM shop_sort;  受影响行数为：3 
2021-11-19 14:55:27
执行了：  SELECT * FROM shop_sort;  受影响行数为：3 
2021-11-19 14:57:31
执行了：  SELECT * FROM shop_sort;  受影响行数为：3 
2021-11-19 15:03:44
执行了：  SELECT sp_uid,sp_name,sp_price,sp_imgpath,sp_hot,sp_sold FROM shop_wares WHERE  sp_state='上架'   order by sp_sold  desc limit 6;  受影响行数为：5 
2021-11-19 15:03:44
执行了：  SELECT sp_uid,sp_name,sp_price,sp_imgpath,sp_hot,sp_sold FROM shop_wares WHERE  sp_state='上架'   order by sp_hot  desc limit 6;  受影响行数为：5 
2021-11-19 15:03:44
执行了：  SELECT sp_uid,sp_name,sp_price,sp_imgpath,sp_hot,sp_sold FROM shop_wares WHERE  sp_state='上架'   order by create_time  desc limit 6;  受影响行数为：5 
2021-11-19 15:04:23
执行了：  SELECT sp_uid,sp_name,sp_price,sp_imgpath,sp_hot,sp_sold FROM shop_wares WHERE  sp_state='上架'   order by sp_sold  desc limit 6;  受影响行数为：5 
2021-11-19 15:04:23
执行了：  SELECT sp_uid,sp_name,sp_price,sp_imgpath,sp_hot,sp_sold FROM shop_wares WHERE  sp_state='上架'   order by sp_hot  desc limit 6;  受影响行数为：5 
2021-11-19 15:04:23
执行了：  SELECT sp_uid,sp_name,sp_price,sp_imgpath,sp_hot,sp_sold FROM shop_wares WHERE  sp_state='上架'   order by create_time  desc limit 6;  受影响行数为：5 
2021-11-19 15:04:26
执行了：  SELECT sp_uid,sp_name,sp_price,sp_imgpath,sp_hot,sp_sold FROM shop_wares WHERE  sp_state='上架'   order by sp_sold  desc limit 6;  受影响行数为：5 
2021-11-19 15:04:26
执行了：  SELECT sp_uid,sp_name,sp_price,sp_imgpath,sp_hot,sp_sold FROM shop_wares WHERE  sp_state='上架'   order by sp_hot  desc limit 6;  受影响行数为：5 
2021-11-19 15:04:26
执行了：  SELECT sp_uid,sp_name,sp_price,sp_imgpath,sp_hot,sp_sold FROM shop_wares WHERE  sp_state='上架'   order by create_time  desc limit 6;  受影响行数为：5 
2021-11-19 15:04:30
执行了：  SELECT * FROM shop_waresimg WHERE sp_uid='8';  受影响行数为：1 作用：判断数据库存在不存在该数据（大于0存在）
2021-11-19 15:04:30
执行了：  SELECT sp_uid,img_path FROM shop_waresimg WHERE sp_uid='8';  受影响行数为：1 
2021-11-19 15:04:30
执行了：  SELECT * FROM shop_warestext WHERE sp_uid='8';  受影响行数为：0 作用：判断数据库存在不存在该数据（大于0存在）
2021-11-19 15:04:30
执行了：  SELECT * FROM shop_wares WHERE sp_uid='8';  受影响行数为：1 作用：判断数据库存在不存在该数据（大于0存在）
2021-11-19 15:04:30
执行了：  SELECT sp_uid,sp_varieties,sp_name,sp_price,sp_num,sp_imgpath,sp_hot,sp_sold,sp_text FROM shop_wares WHERE sp_uid='8';  受影响行数为：1 
2021-11-19 15:04:33
执行了：  SELECT sp_uid,sp_name,sp_price,sp_imgpath,sp_hot,sp_sold FROM shop_wares WHERE  sp_state='上架'   order by sp_sold  desc limit 6;  受影响行数为：5 
2021-11-19 15:04:33
执行了：  SELECT sp_uid,sp_name,sp_price,sp_imgpath,sp_hot,sp_sold FROM shop_wares WHERE  sp_state='上架'   order by sp_hot  desc limit 6;  受影响行数为：5 
2021-11-19 15:04:33
执行了：  SELECT sp_uid,sp_name,sp_price,sp_imgpath,sp_hot,sp_sold FROM shop_wares WHERE  sp_state='上架'   order by create_time  desc limit 6;  受影响行数为：5 
2021-11-19 15:04:37
执行了：  SELECT sp_uid,sp_name,sp_price,sp_imgpath,sp_hot,sp_sold FROM shop_wares WHERE  sp_state='上架'   order by sp_sold  desc limit 6;  受影响行数为：5 
2021-11-19 15:04:37
执行了：  SELECT sp_uid,sp_name,sp_price,sp_imgpath,sp_hot,sp_sold FROM shop_wares WHERE  sp_state='上架'   order by sp_hot  desc limit 6;  受影响行数为：5 
2021-11-19 15:04:37
执行了：  SELECT sp_uid,sp_name,sp_price,sp_imgpath,sp_hot,sp_sold FROM shop_wares WHERE  sp_state='上架'   order by create_time  desc limit 6;  受影响行数为：5 
2021-11-19 15:04:40
执行了：  SELECT sp_uid,sp_name,sp_price,sp_imgpath,sp_hot,sp_sold FROM shop_wares WHERE  sp_state='上架'   order by sp_sold  desc limit 6;  受影响行数为：5 
2021-11-19 15:04:40
执行了：  SELECT sp_uid,sp_name,sp_price,sp_imgpath,sp_hot,sp_sold FROM shop_wares WHERE  sp_state='上架'   order by sp_hot  desc limit 6;  受影响行数为：5 
2021-11-19 15:04:40
执行了：  SELECT sp_uid,sp_name,sp_price,sp_imgpath,sp_hot,sp_sold FROM shop_wares WHERE  sp_state='上架'   order by create_time  desc limit 6;  受影响行数为：5 
2021-11-19 15:05:28
执行了：  SELECT sp_uid,sp_name,sp_price,sp_imgpath,sp_hot,sp_sold FROM shop_wares WHERE  sp_state='上架'   order by sp_sold  desc limit 6;  受影响行数为：5 
2021-11-19 15:05:28
执行了：  SELECT sp_uid,sp_name,sp_price,sp_imgpath,sp_hot,sp_sold FROM shop_wares WHERE  sp_state='上架'   order by sp_hot  desc limit 6;  受影响行数为：5 
2021-11-19 15:05:28
执行了：  SELECT sp_uid,sp_name,sp_price,sp_imgpath,sp_hot,sp_sold FROM shop_wares WHERE  sp_state='上架'   order by create_time  desc limit 6;  受影响行数为：5 
2021-11-19 15:05:36
执行了：  SELECT sp_uid,sp_name,sp_price,sp_imgpath,sp_hot,sp_sold FROM shop_wares WHERE  sp_state='上架'   order by sp_sold  desc limit 6;  受影响行数为：5 
2021-11-19 15:05:36
执行了：  SELECT sp_uid,sp_name,sp_price,sp_imgpath,sp_hot,sp_sold FROM shop_wares WHERE  sp_state='上架'   order by sp_hot  desc limit 6;  受影响行数为：5 
2021-11-19 15:05:36
执行了：  SELECT sp_uid,sp_name,sp_price,sp_imgpath,sp_hot,sp_sold FROM shop_wares WHERE  sp_state='上架'   order by create_time  desc limit 6;  受影响行数为：5 
2021-11-19 15:05:40
执行了：  SELECT sp_uid,sp_name,sp_price,sp_imgpath,sp_hot,sp_sold FROM shop_wares WHERE  sp_state='上架'   order by sp_sold  desc limit 6;  受影响行数为：5 
2021-11-19 15:05:40
执行了：  SELECT sp_uid,sp_name,sp_price,sp_imgpath,sp_hot,sp_sold FROM shop_wares WHERE  sp_state='上架'   order by sp_hot  desc limit 6;  受影响行数为：5 
2021-11-19 15:05:40
执行了：  SELECT sp_uid,sp_name,sp_price,sp_imgpath,sp_hot,sp_sold FROM shop_wares WHERE  sp_state='上架'   order by create_time  desc limit 6;  受影响行数为：5 
2021-11-19 15:05:41
执行了：  SELECT sp_uid,sp_name,sp_price,sp_imgpath,sp_hot,sp_sold FROM shop_wares WHERE  sp_state='上架'   order by sp_sold  desc limit 6;  受影响行数为：5 
2021-11-19 15:05:41
执行了：  SELECT sp_uid,sp_name,sp_price,sp_imgpath,sp_hot,sp_sold FROM shop_wares WHERE  sp_state='上架'   order by sp_hot  desc limit 6;  受影响行数为：5 
2021-11-19 15:05:41
执行了：  SELECT sp_uid,sp_name,sp_price,sp_imgpath,sp_hot,sp_sold FROM shop_wares WHERE  sp_state='上架'   order by create_time  desc limit 6;  受影响行数为：5 
2021-11-19 15:05:43
执行了：  SELECT sp_uid,sp_name,sp_price,sp_imgpath,sp_hot,sp_sold FROM shop_wares WHERE  sp_state='上架'   order by sp_sold  desc limit 6;  受影响行数为：5 
2021-11-19 15:05:43
执行了：  SELECT sp_uid,sp_name,sp_price,sp_imgpath,sp_hot,sp_sold FROM shop_wares WHERE  sp_state='上架'   order by sp_hot  desc limit 6;  受影响行数为：5 
2021-11-19 15:05:43
执行了：  SELECT sp_uid,sp_name,sp_price,sp_imgpath,sp_hot,sp_sold FROM shop_wares WHERE  sp_state='上架'   order by create_time  desc limit 6;  受影响行数为：5 
2021-11-19 15:05:50
执行了：  SELECT sp_uid,sp_name,sp_price,sp_imgpath,sp_hot,sp_sold FROM shop_wares WHERE  sp_state='上架'   order by sp_sold  desc limit 6;  受影响行数为：5 
2021-11-19 15:05:50
执行了：  SELECT sp_uid,sp_name,sp_price,sp_imgpath,sp_hot,sp_sold FROM shop_wares WHERE  sp_state='上架'   order by sp_hot  desc limit 6;  受影响行数为：5 
2021-11-19 15:05:50
执行了：  SELECT sp_uid,sp_name,sp_price,sp_imgpath,sp_hot,sp_sold FROM shop_wares WHERE  sp_state='上架'   order by create_time  desc limit 6;  受影响行数为：5 
2021-11-19 15:05:55
执行了：  SELECT sp_uid,sp_name,sp_price,sp_imgpath,sp_hot,sp_sold FROM shop_wares WHERE  sp_state='上架'   order by sp_sold  desc limit 6;  受影响行数为：5 
2021-11-19 15:05:55
执行了：  SELECT sp_uid,sp_name,sp_price,sp_imgpath,sp_hot,sp_sold FROM shop_wares WHERE  sp_state='上架'   order by sp_hot  desc limit 6;  受影响行数为：5 
2021-11-19 15:05:55
执行了：  SELECT sp_uid,sp_name,sp_price,sp_imgpath,sp_hot,sp_sold FROM shop_wares WHERE  sp_state='上架'   order by create_time  desc limit 6;  受影响行数为：5 
2021-11-19 15:06:00
执行了：  SELECT * FROM shop_waresimg WHERE sp_uid='8';  受影响行数为：1 作用：判断数据库存在不存在该数据（大于0存在）
2021-11-19 15:06:00
执行了：  SELECT sp_uid,img_path FROM shop_waresimg WHERE sp_uid='8';  受影响行数为：1 
2021-11-19 15:06:00
执行了：  SELECT * FROM shop_warestext WHERE sp_uid='8';  受影响行数为：0 作用：判断数据库存在不存在该数据（大于0存在）
2021-11-19 15:06:00
执行了：  SELECT * FROM shop_wares WHERE sp_uid='8';  受影响行数为：1 作用：判断数据库存在不存在该数据（大于0存在）
2021-11-19 15:06:00
执行了：  SELECT sp_uid,sp_varieties,sp_name,sp_price,sp_num,sp_imgpath,sp_hot,sp_sold,sp_text FROM shop_wares WHERE sp_uid='8';  受影响行数为：1 
2021-11-19 15:06:05
执行了：  SELECT sp_uid,sp_name,sp_price,sp_imgpath,sp_hot,sp_sold FROM shop_wares WHERE  sp_state='上架'   order by sp_sold  desc limit 6;  受影响行数为：5 
2021-11-19 15:06:05
执行了：  SELECT sp_uid,sp_name,sp_price,sp_imgpath,sp_hot,sp_sold FROM shop_wares WHERE  sp_state='上架'   order by sp_hot  desc limit 6;  受影响行数为：5 
2021-11-19 15:06:05
执行了：  SELECT sp_uid,sp_name,sp_price,sp_imgpath,sp_hot,sp_sold FROM shop_wares WHERE  sp_state='上架'   order by create_time  desc limit 6;  受影响行数为：5 
2021-11-19 15:06:11
执行了：  SELECT sp_uid,sp_name,sp_price,sp_imgpath,sp_hot,sp_sold FROM shop_wares WHERE  sp_state='上架'   order by sp_sold  desc limit 6;  受影响行数为：5 
2021-11-19 15:06:11
执行了：  SELECT sp_uid,sp_name,sp_price,sp_imgpath,sp_hot,sp_sold FROM shop_wares WHERE  sp_state='上架'   order by sp_hot  desc limit 6;  受影响行数为：5 
2021-11-19 15:06:11
执行了：  SELECT sp_uid,sp_name,sp_price,sp_imgpath,sp_hot,sp_sold FROM shop_wares WHERE  sp_state='上架'   order by create_time  desc limit 6;  受影响行数为：5 
2021-11-19 15:06:23
执行了：  SELECT * FROM shop_waresimg WHERE sp_uid='8';  受影响行数为：1 作用：判断数据库存在不存在该数据（大于0存在）
2021-11-19 15:06:23
执行了：  SELECT sp_uid,img_path FROM shop_waresimg WHERE sp_uid='8';  受影响行数为：1 
2021-11-19 15:06:23
执行了：  SELECT * FROM shop_warestext WHERE sp_uid='8';  受影响行数为：0 作用：判断数据库存在不存在该数据（大于0存在）
2021-11-19 15:06:23
执行了：  SELECT * FROM shop_wares WHERE sp_uid='8';  受影响行数为：1 作用：判断数据库存在不存在该数据（大于0存在）
2021-11-19 15:06:23
执行了：  SELECT sp_uid,sp_varieties,sp_name,sp_price,sp_num,sp_imgpath,sp_hot,sp_sold,sp_text FROM shop_wares WHERE sp_uid='8';  受影响行数为：1 
2021-11-19 15:07:33
执行了：  SELECT * FROM shop_waresimg WHERE sp_uid='7';  受影响行数为：0 作用：判断数据库存在不存在该数据（大于0存在）
2021-11-19 15:07:33
执行了：  SELECT * FROM shop_warestext WHERE sp_uid='7';  受影响行数为：1 作用：判断数据库存在不存在该数据（大于0存在）
2021-11-19 15:07:33
执行了：  SELECT sp_uid,spuidtext FROM shop_warestext WHERE sp_uid='7';  受影响行数为：1 
2021-11-19 15:07:33
执行了：  SELECT * FROM shop_wares WHERE sp_uid='7';  受影响行数为：1 作用：判断数据库存在不存在该数据（大于0存在）
2021-11-19 15:07:33
执行了：  SELECT sp_uid,sp_varieties,sp_name,sp_price,sp_num,sp_imgpath,sp_hot,sp_sold,sp_text FROM shop_wares WHERE sp_uid='7';  受影响行数为：1 
2021-11-19 15:19:18
执行了：  SELECT sp_uid,sp_name,sp_price,sp_imgpath,sp_hot,sp_sold FROM shop_wares WHERE  sp_state='上架'   order by sp_sold  desc limit 6;  受影响行数为：5 
2021-11-19 15:19:18
执行了：  SELECT sp_uid,sp_name,sp_price,sp_imgpath,sp_hot,sp_sold FROM shop_wares WHERE  sp_state='上架'   order by sp_hot  desc limit 6;  受影响行数为：5 
2021-11-19 15:19:18
执行了：  SELECT sp_uid,sp_name,sp_price,sp_imgpath,sp_hot,sp_sold FROM shop_wares WHERE  sp_state='上架'   order by create_time  desc limit 6;  受影响行数为：5 
2021-11-19 15:19:26
执行了：  SELECT sp_uid,sp_name,sp_price,sp_imgpath,sp_hot,sp_sold FROM shop_wares WHERE  sp_state='上架'   order by sp_sold  desc limit 6;  受影响行数为：5 
2021-11-19 15:19:26
执行了：  SELECT sp_uid,sp_name,sp_price,sp_imgpath,sp_hot,sp_sold FROM shop_wares WHERE  sp_state='上架'   order by sp_hot  desc limit 6;  受影响行数为：5 
2021-11-19 15:19:26
执行了：  SELECT sp_uid,sp_name,sp_price,sp_imgpath,sp_hot,sp_sold FROM shop_wares WHERE  sp_state='上架'   order by create_time  desc limit 6;  受影响行数为：5 
2021-11-19 15:19:30
执行了：  SELECT sp_uid,sp_name,sp_price,sp_imgpath,sp_hot,sp_sold FROM shop_wares WHERE  sp_state='上架'   order by sp_sold  desc limit 6;  受影响行数为：5 
2021-11-19 15:19:30
执行了：  SELECT sp_uid,sp_name,sp_price,sp_imgpath,sp_hot,sp_sold FROM shop_wares WHERE  sp_state='上架'   order by sp_hot  desc limit 6;  受影响行数为：5 
2021-11-19 15:19:30
执行了：  SELECT sp_uid,sp_name,sp_price,sp_imgpath,sp_hot,sp_sold FROM shop_wares WHERE  sp_state='上架'   order by create_time  desc limit 6;  受影响行数为：5 
2021-11-19 15:20:29
执行了：  SELECT sp_uid,sp_name,sp_price,sp_imgpath,sp_hot,sp_sold FROM shop_wares WHERE  sp_state='上架'   order by sp_sold  desc limit 6;  受影响行数为：5 
2021-11-19 15:20:29
执行了：  SELECT sp_uid,sp_name,sp_price,sp_imgpath,sp_hot,sp_sold FROM shop_wares WHERE  sp_state='上架'   order by sp_hot  desc limit 6;  受影响行数为：5 
2021-11-19 15:20:29
执行了：  SELECT sp_uid,sp_name,sp_price,sp_imgpath,sp_hot,sp_sold FROM shop_wares WHERE  sp_state='上架'   order by create_time  desc limit 6;  受影响行数为：5 
2021-11-19 15:21:05
执行了：  SELECT sp_uid,sp_name,sp_price,sp_imgpath,sp_hot,sp_sold FROM shop_wares WHERE  sp_state='上架'   order by sp_sold  desc limit 6;  受影响行数为：5 
2021-11-19 15:21:05
执行了：  SELECT sp_uid,sp_name,sp_price,sp_imgpath,sp_hot,sp_sold FROM shop_wares WHERE  sp_state='上架'   order by sp_hot  desc limit 6;  受影响行数为：5 
2021-11-19 15:21:05
执行了：  SELECT sp_uid,sp_name,sp_price,sp_imgpath,sp_hot,sp_sold FROM shop_wares WHERE  sp_state='上架'   order by create_time  desc limit 6;  受影响行数为：5 
2021-11-19 15:21:13
执行了：  SELECT * FROM shop_waresimg WHERE sp_uid='7';  受影响行数为：0 作用：判断数据库存在不存在该数据（大于0存在）
2021-11-19 15:21:13
执行了：  SELECT * FROM shop_warestext WHERE sp_uid='7';  受影响行数为：1 作用：判断数据库存在不存在该数据（大于0存在）
2021-11-19 15:21:13
执行了：  SELECT sp_uid,spuidtext FROM shop_warestext WHERE sp_uid='7';  受影响行数为：1 
2021-11-19 15:21:13
执行了：  SELECT * FROM shop_wares WHERE sp_uid='7';  受影响行数为：1 作用：判断数据库存在不存在该数据（大于0存在）
2021-11-19 15:21:13
执行了：  SELECT sp_uid,sp_varieties,sp_name,sp_price,sp_num,sp_imgpath,sp_hot,sp_sold,sp_text FROM shop_wares WHERE sp_uid='7';  受影响行数为：1 
2021-11-19 15:21:23
执行了：  SELECT * FROM shop_wares WHERE sp_uid='';  受影响行数为：0 作用：判断数据库存在不存在该数据（大于0存在）
2021-11-19 15:21:35
执行了：  SELECT sp_uid,sp_name,sp_price,sp_imgpath,sp_hot,sp_sold FROM shop_wares WHERE  sp_state='上架'   order by sp_sold  desc limit 6;  受影响行数为：5 
2021-11-19 15:21:35
执行了：  SELECT sp_uid,sp_name,sp_price,sp_imgpath,sp_hot,sp_sold FROM shop_wares WHERE  sp_state='上架'   order by sp_hot  desc limit 6;  受影响行数为：5 
2021-11-19 15:21:35
执行了：  SELECT sp_uid,sp_name,sp_price,sp_imgpath,sp_hot,sp_sold FROM shop_wares WHERE  sp_state='上架'   order by create_time  desc limit 6;  受影响行数为：5 
2021-11-19 15:21:42
执行了：  SELECT * FROM shop_waresimg WHERE sp_uid='8';  受影响行数为：1 作用：判断数据库存在不存在该数据（大于0存在）
2021-11-19 15:21:42
执行了：  SELECT sp_uid,img_path FROM shop_waresimg WHERE sp_uid='8';  受影响行数为：1 
2021-11-19 15:21:42
执行了：  SELECT * FROM shop_warestext WHERE sp_uid='8';  受影响行数为：0 作用：判断数据库存在不存在该数据（大于0存在）
2021-11-19 15:21:42
执行了：  SELECT * FROM shop_wares WHERE sp_uid='8';  受影响行数为：1 作用：判断数据库存在不存在该数据（大于0存在）
2021-11-19 15:21:42
执行了：  SELECT sp_uid,sp_varieties,sp_name,sp_price,sp_num,sp_imgpath,sp_hot,sp_sold,sp_text FROM shop_wares WHERE sp_uid='8';  受影响行数为：1 
2021-11-19 15:22:22
执行了：  SELECT * FROM shop_sort;  受影响行数为：3 
2021-11-19 15:22:51
执行了：  SELECT * FROM shop_sort;  受影响行数为：3 
2021-11-19 15:23:30
执行了：  SELECT * FROM shop_sort;  受影响行数为：3 
2021-11-19 15:23:53
执行了：  SELECT * FROM shop_sort;  受影响行数为：3 
2021-11-19 15:23:54
执行了：  SELECT * FROM shop_sort;  受影响行数为：3 
2021-11-19 15:27:21
执行了：  SELECT * FROM shop_sort;  受影响行数为：3 
2021-11-19 15:33:27
执行了：  SELECT * FROM shop_sort;  受影响行数为：3 
2021-11-19 15:34:27
执行了：  SELECT sp_uid,sp_name,sp_price,sp_imgpath,sp_hot,sp_sold FROM shop_wares WHERE  sp_state='上架'   order by sp_sold  desc limit 6;  受影响行数为：5 
2021-11-19 15:34:27
执行了：  SELECT sp_uid,sp_name,sp_price,sp_imgpath,sp_hot,sp_sold FROM shop_wares WHERE  sp_state='上架'   order by sp_hot  desc limit 6;  受影响行数为：5 
2021-11-19 15:34:27
执行了：  SELECT sp_uid,sp_name,sp_price,sp_imgpath,sp_hot,sp_sold FROM shop_wares WHERE  sp_state='上架'   order by create_time  desc limit 6;  受影响行数为：5 
2021-11-19 15:34:51
执行了：  SELECT * FROM shop_waresimg WHERE sp_uid='3';  受影响行数为：4 作用：判断数据库存在不存在该数据（大于0存在）
2021-11-19 15:34:51
执行了：  SELECT sp_uid,img_path FROM shop_waresimg WHERE sp_uid='3';  受影响行数为：4 
2021-11-19 15:34:51
执行了：  SELECT * FROM shop_warestext WHERE sp_uid='3';  受影响行数为：1 作用：判断数据库存在不存在该数据（大于0存在）
2021-11-19 15:34:51
执行了：  SELECT sp_uid,spuidtext FROM shop_warestext WHERE sp_uid='3';  受影响行数为：1 
2021-11-19 15:34:51
执行了：  SELECT * FROM shop_wares WHERE sp_uid='3';  受影响行数为：1 作用：判断数据库存在不存在该数据（大于0存在）
2021-11-19 15:34:51
执行了：  SELECT sp_uid,sp_varieties,sp_name,sp_price,sp_num,sp_imgpath,sp_hot,sp_sold,sp_text FROM shop_wares WHERE sp_uid='3';  受影响行数为：1 
2021-11-19 15:35:41
执行了：  SELECT * FROM shop_sort;  受影响行数为：3 
2021-11-19 15:36:59
执行了：  SELECT * FROM shop_sort;  受影响行数为：3 
2021-11-19 15:37:22
执行了：  SELECT * FROM shop_sort;  受影响行数为：3 
2021-11-19 15:38:28
执行了：  SELECT * FROM shop_sort;  受影响行数为：3 
2021-11-19 15:39:11
执行了：  SELECT * FROM shop_sort;  受影响行数为：3 
2021-11-19 15:39:45
执行了：  SELECT * FROM shop_sort;  受影响行数为：3 
2021-11-19 15:40:02
执行了：  SELECT * FROM shop_sort;  受影响行数为：3 
2021-11-19 15:40:51
执行了：  SELECT * FROM shop_sort;  受影响行数为：3 
2021-11-19 15:41:07
执行了：  SELECT * FROM shop_sort;  受影响行数为：3 
2021-11-19 15:41:21
执行了：  SELECT * FROM shop_sort;  受影响行数为：3 
2021-11-19 15:41:34
执行了：  SELECT * FROM shop_sort;  受影响行数为：3 
2021-11-19 15:42:00
执行了：  SELECT * FROM shop_sort;  受影响行数为：3 
2021-11-19 15:43:20
执行了：  SELECT * FROM shop_sort;  受影响行数为：3 
2021-11-19 15:43:21
执行了：  SELECT sp_uid,sp_name,sp_price,sp_imgpath,sp_hot,sp_sold FROM shop_wares WHERE  sp_state='上架'   order by sp_sold  desc limit 6;  受影响行数为：5 
2021-11-19 15:43:21
执行了：  SELECT sp_uid,sp_name,sp_price,sp_imgpath,sp_hot,sp_sold FROM shop_wares WHERE  sp_state='上架'   order by sp_hot  desc limit 6;  受影响行数为：5 
2021-11-19 15:43:21
执行了：  SELECT sp_uid,sp_name,sp_price,sp_imgpath,sp_hot,sp_sold FROM shop_wares WHERE  sp_state='上架'   order by create_time  desc limit 6;  受影响行数为：5 
2021-11-19 15:43:22
执行了：  SELECT * FROM shop_sort;  受影响行数为：3 
2021-11-19 15:43:45
执行了：  SELECT sp_uid,sp_name,sp_price,sp_imgpath,sp_hot,sp_sold FROM shop_wares WHERE  sp_state='上架'   order by sp_sold  desc limit 6;  受影响行数为：5 
2021-11-19 15:43:45
执行了：  SELECT sp_uid,sp_name,sp_price,sp_imgpath,sp_hot,sp_sold FROM shop_wares WHERE  sp_state='上架'   order by sp_hot  desc limit 6;  受影响行数为：5 
2021-11-19 15:43:45
执行了：  SELECT sp_uid,sp_name,sp_price,sp_imgpath,sp_hot,sp_sold FROM shop_wares WHERE  sp_state='上架'   order by create_time  desc limit 6;  受影响行数为：5 
2021-11-19 15:43:50
执行了：  SELECT * FROM shop_sort;  受影响行数为：3 
2021-11-19 15:44:02
执行了：  SELECT sp_uid,sp_name,sp_price,sp_imgpath,sp_hot,sp_sold FROM shop_wares WHERE  sp_state='上架'   order by sp_sold  desc limit 6;  受影响行数为：5 
2021-11-19 15:44:02
执行了：  SELECT sp_uid,sp_name,sp_price,sp_imgpath,sp_hot,sp_sold FROM shop_wares WHERE  sp_state='上架'   order by sp_hot  desc limit 6;  受影响行数为：5 
2021-11-19 15:44:02
执行了：  SELECT sp_uid,sp_name,sp_price,sp_imgpath,sp_hot,sp_sold FROM shop_wares WHERE  sp_state='上架'   order by create_time  desc limit 6;  受影响行数为：5 
2021-11-19 15:44:10
执行了：  SELECT * FROM shop_sort;  受影响行数为：3 
2021-11-19 15:45:01
执行了：  SELECT sp_uid,sp_name,sp_price,sp_imgpath,sp_hot,sp_sold FROM shop_wares WHERE  sp_state='上架'   order by sp_sold  desc limit 6;  受影响行数为：5 
2021-11-19 15:45:01
执行了：  SELECT sp_uid,sp_name,sp_price,sp_imgpath,sp_hot,sp_sold FROM shop_wares WHERE  sp_state='上架'   order by sp_hot  desc limit 6;  受影响行数为：5 
2021-11-19 15:45:01
执行了：  SELECT sp_uid,sp_name,sp_price,sp_imgpath,sp_hot,sp_sold FROM shop_wares WHERE  sp_state='上架'   order by create_time  desc limit 6;  受影响行数为：5 
2021-11-19 15:45:04
执行了：  SELECT * FROM shop_waresimg WHERE sp_uid='8';  受影响行数为：1 作用：判断数据库存在不存在该数据（大于0存在）
2021-11-19 15:45:04
执行了：  SELECT sp_uid,img_path FROM shop_waresimg WHERE sp_uid='8';  受影响行数为：1 
2021-11-19 15:45:04
执行了：  SELECT * FROM shop_warestext WHERE sp_uid='8';  受影响行数为：0 作用：判断数据库存在不存在该数据（大于0存在）
2021-11-19 15:45:04
执行了：  SELECT * FROM shop_wares WHERE sp_uid='8';  受影响行数为：1 作用：判断数据库存在不存在该数据（大于0存在）
2021-11-19 15:45:04
执行了：  SELECT sp_uid,sp_varieties,sp_name,sp_price,sp_num,sp_imgpath,sp_hot,sp_sold,sp_text FROM shop_wares WHERE sp_uid='8';  受影响行数为：1 
2021-11-19 15:45:41
执行了：  SELECT * FROM shop_waresimg WHERE sp_uid='6';  受影响行数为：2 作用：判断数据库存在不存在该数据（大于0存在）
2021-11-19 15:45:41
执行了：  SELECT sp_uid,img_path FROM shop_waresimg WHERE sp_uid='6';  受影响行数为：2 
2021-11-19 15:45:41
执行了：  SELECT * FROM shop_warestext WHERE sp_uid='6';  受影响行数为：1 作用：判断数据库存在不存在该数据（大于0存在）
2021-11-19 15:45:41
执行了：  SELECT sp_uid,spuidtext FROM shop_warestext WHERE sp_uid='6';  受影响行数为：1 
2021-11-19 15:45:41
执行了：  SELECT * FROM shop_wares WHERE sp_uid='6';  受影响行数为：1 作用：判断数据库存在不存在该数据（大于0存在）
2021-11-19 15:45:41
执行了：  SELECT sp_uid,sp_varieties,sp_name,sp_price,sp_num,sp_imgpath,sp_hot,sp_sold,sp_text FROM shop_wares WHERE sp_uid='6';  受影响行数为：1 
2021-11-19 16:05:54
执行了：  SELECT * FROM shop_sort;  受影响行数为：3 
2021-11-19 16:05:54
执行了：  SELECT * FROM shop_sort;  受影响行数为：3 
2021-11-19 16:05:56
执行了：  SELECT sp_uid,sp_name,sp_price,sp_imgpath,sp_hot,sp_sold FROM shop_wares WHERE  sp_state='上架'   order by sp_sold  desc limit 6;  受影响行数为：5 
2021-11-19 16:05:56
执行了：  SELECT sp_uid,sp_name,sp_price,sp_imgpath,sp_hot,sp_sold FROM shop_wares WHERE  sp_state='上架'   order by sp_hot  desc limit 6;  受影响行数为：5 
2021-11-19 16:05:56
执行了：  SELECT sp_uid,sp_name,sp_price,sp_imgpath,sp_hot,sp_sold FROM shop_wares WHERE  sp_state='上架'   order by create_time  desc limit 6;  受影响行数为：5 
2021-11-19 16:05:59
执行了：  SELECT * FROM shop_waresimg WHERE sp_uid='8';  受影响行数为：1 作用：判断数据库存在不存在该数据（大于0存在）
2021-11-19 16:05:59
执行了：  SELECT sp_uid,img_path FROM shop_waresimg WHERE sp_uid='8';  受影响行数为：1 
2021-11-19 16:05:59
执行了：  SELECT * FROM shop_warestext WHERE sp_uid='8';  受影响行数为：0 作用：判断数据库存在不存在该数据（大于0存在）
2021-11-19 16:05:59
执行了：  SELECT * FROM shop_wares WHERE sp_uid='8';  受影响行数为：1 作用：判断数据库存在不存在该数据（大于0存在）
2021-11-19 16:05:59
执行了：  SELECT sp_uid,sp_varieties,sp_name,sp_price,sp_num,sp_imgpath,sp_hot,sp_sold,sp_text FROM shop_wares WHERE sp_uid='8';  受影响行数为：1 
2021-11-19 16:06:25
执行了：  SELECT * FROM shop_waresimg WHERE sp_uid='6';  受影响行数为：2 作用：判断数据库存在不存在该数据（大于0存在）
2021-11-19 16:06:25
执行了：  SELECT sp_uid,img_path FROM shop_waresimg WHERE sp_uid='6';  受影响行数为：2 
2021-11-19 16:06:25
执行了：  SELECT * FROM shop_warestext WHERE sp_uid='6';  受影响行数为：1 作用：判断数据库存在不存在该数据（大于0存在）
2021-11-19 16:06:25
执行了：  SELECT sp_uid,spuidtext FROM shop_warestext WHERE sp_uid='6';  受影响行数为：1 
2021-11-19 16:06:26
执行了：  SELECT * FROM shop_wares WHERE sp_uid='6';  受影响行数为：1 作用：判断数据库存在不存在该数据（大于0存在）
2021-11-19 16:06:26
执行了：  SELECT sp_uid,sp_varieties,sp_name,sp_price,sp_num,sp_imgpath,sp_hot,sp_sold,sp_text FROM shop_wares WHERE sp_uid='6';  受影响行数为：1 
2021-11-19 16:06:31
执行了：  SELECT * FROM shop_waresimg WHERE sp_uid='3';  受影响行数为：4 作用：判断数据库存在不存在该数据（大于0存在）
2021-11-19 16:06:31
执行了：  SELECT sp_uid,img_path FROM shop_waresimg WHERE sp_uid='3';  受影响行数为：4 
2021-11-19 16:06:31
执行了：  SELECT * FROM shop_warestext WHERE sp_uid='3';  受影响行数为：1 作用：判断数据库存在不存在该数据（大于0存在）
2021-11-19 16:06:31
执行了：  SELECT sp_uid,spuidtext FROM shop_warestext WHERE sp_uid='3';  受影响行数为：1 
2021-11-19 16:06:31
执行了：  SELECT * FROM shop_wares WHERE sp_uid='3';  受影响行数为：1 作用：判断数据库存在不存在该数据（大于0存在）
2021-11-19 16:06:31
执行了：  SELECT sp_uid,sp_varieties,sp_name,sp_price,sp_num,sp_imgpath,sp_hot,sp_sold,sp_text FROM shop_wares WHERE sp_uid='3';  受影响行数为：1 
2021-11-19 16:08:28
执行了：  SELECT sp_uid,sp_name,sp_price,sp_imgpath,sp_hot,sp_sold FROM shop_wares WHERE  sp_state='上架'   order by sp_sold  desc limit 6;  受影响行数为：5 
2021-11-19 16:08:28
执行了：  SELECT sp_uid,sp_name,sp_price,sp_imgpath,sp_hot,sp_sold FROM shop_wares WHERE  sp_state='上架'   order by sp_hot  desc limit 6;  受影响行数为：5 
2021-11-19 16:08:28
执行了：  SELECT sp_uid,sp_name,sp_price,sp_imgpath,sp_hot,sp_sold FROM shop_wares WHERE  sp_state='上架'   order by create_time  desc limit 6;  受影响行数为：5 
2021-11-19 16:08:32
执行了：  SELECT * FROM shop_sort;  受影响行数为：3 
2021-11-19 16:08:33
执行了：  SELECT sp_uid,sp_name,sp_price,sp_imgpath,sp_hot,sp_sold FROM shop_wares WHERE  sp_state='上架'   order by sp_sold  desc limit 6;  受影响行数为：5 
2021-11-19 16:08:33
执行了：  SELECT sp_uid,sp_name,sp_price,sp_imgpath,sp_hot,sp_sold FROM shop_wares WHERE  sp_state='上架'   order by sp_hot  desc limit 6;  受影响行数为：5 
2021-11-19 16:08:33
执行了：  SELECT sp_uid,sp_name,sp_price,sp_imgpath,sp_hot,sp_sold FROM shop_wares WHERE  sp_state='上架'   order by create_time  desc limit 6;  受影响行数为：5 
2021-11-19 16:09:00
执行了：  SELECT * FROM shop_waresimg WHERE sp_uid='7';  受影响行数为：0 作用：判断数据库存在不存在该数据（大于0存在）
2021-11-19 16:09:00
执行了：  SELECT * FROM shop_warestext WHERE sp_uid='7';  受影响行数为：1 作用：判断数据库存在不存在该数据（大于0存在）
2021-11-19 16:09:00
执行了：  SELECT sp_uid,spuidtext FROM shop_warestext WHERE sp_uid='7';  受影响行数为：1 
2021-11-19 16:09:00
执行了：  SELECT * FROM shop_wares WHERE sp_uid='7';  受影响行数为：1 作用：判断数据库存在不存在该数据（大于0存在）
2021-11-19 16:09:00
执行了：  SELECT sp_uid,sp_varieties,sp_name,sp_price,sp_num,sp_imgpath,sp_hot,sp_sold,sp_text FROM shop_wares WHERE sp_uid='7';  受影响行数为：1 
2021-11-19 16:09:02
执行了：  SELECT * FROM shop_waresimg WHERE sp_uid='5';  受影响行数为：0 作用：判断数据库存在不存在该数据（大于0存在）
2021-11-19 16:09:02
执行了：  SELECT * FROM shop_warestext WHERE sp_uid='5';  受影响行数为：1 作用：判断数据库存在不存在该数据（大于0存在）
2021-11-19 16:09:02
执行了：  SELECT sp_uid,spuidtext FROM shop_warestext WHERE sp_uid='5';  受影响行数为：1 
2021-11-19 16:09:02
执行了：  SELECT * FROM shop_wares WHERE sp_uid='5';  受影响行数为：1 作用：判断数据库存在不存在该数据（大于0存在）
2021-11-19 16:09:02
执行了：  SELECT sp_uid,sp_varieties,sp_name,sp_price,sp_num,sp_imgpath,sp_hot,sp_sold,sp_text FROM shop_wares WHERE sp_uid='5';  受影响行数为：1 
2021-11-19 16:09:20
执行了：  SELECT * FROM shop_waresimg WHERE sp_uid='8';  受影响行数为：1 作用：判断数据库存在不存在该数据（大于0存在）
2021-11-19 16:09:20
执行了：  SELECT sp_uid,img_path FROM shop_waresimg WHERE sp_uid='8';  受影响行数为：1 
2021-11-19 16:09:20
执行了：  SELECT * FROM shop_warestext WHERE sp_uid='8';  受影响行数为：0 作用：判断数据库存在不存在该数据（大于0存在）
2021-11-19 16:09:20
执行了：  SELECT * FROM shop_wares WHERE sp_uid='8';  受影响行数为：1 作用：判断数据库存在不存在该数据（大于0存在）
2021-11-19 16:09:20
执行了：  SELECT sp_uid,sp_varieties,sp_name,sp_price,sp_num,sp_imgpath,sp_hot,sp_sold,sp_text FROM shop_wares WHERE sp_uid='8';  受影响行数为：1 
2021-11-19 16:09:50
执行了：  SELECT sp_uid,sp_name,sp_price,sp_imgpath,sp_hot,sp_sold FROM shop_wares WHERE  sp_state='上架'   order by sp_sold  desc limit 6;  受影响行数为：5 
2021-11-19 16:09:50
执行了：  SELECT sp_uid,sp_name,sp_price,sp_imgpath,sp_hot,sp_sold FROM shop_wares WHERE  sp_state='上架'   order by sp_hot  desc limit 6;  受影响行数为：5 
2021-11-19 16:09:50
执行了：  SELECT sp_uid,sp_name,sp_price,sp_imgpath,sp_hot,sp_sold FROM shop_wares WHERE  sp_state='上架'   order by create_time  desc limit 6;  受影响行数为：5 
2021-11-19 16:10:30
执行了：  SELECT * FROM shop_sort;  受影响行数为：3 
2021-11-19 16:12:04
执行了：  SELECT * FROM shop_sort;  受影响行数为：3 
2021-11-19 16:12:13
执行了：  SELECT * FROM shop_sort;  受影响行数为：3 
2021-11-19 16:12:14
执行了：  SELECT * FROM shop_sort;  受影响行数为：3 
2021-11-19 16:12:14
执行了：  SELECT * FROM shop_sort;  受影响行数为：3 
2021-11-19 16:12:15
执行了：  SELECT * FROM shop_sort;  受影响行数为：3 
2021-11-19 16:17:16
执行了：  SELECT * FROM shop_sort;  受影响行数为：3 
2021-11-19 16:17:18
执行了：  SELECT * FROM shop_sort;  受影响行数为：3 
2021-11-19 16:17:19
执行了：  SELECT * FROM shop_sort;  受影响行数为：3 
2021-11-19 16:17:27
执行了：  SELECT * FROM shop_sort;  受影响行数为：3 
2021-11-19 16:17:28
执行了：  SELECT * FROM shop_sort;  受影响行数为：3 
2021-11-19 16:18:06
执行了：  SELECT * FROM shop_sort;  受影响行数为：3 
2021-11-19 16:18:09
执行了：  SELECT * FROM shop_sort;  受影响行数为：3 
2021-11-19 16:18:12
执行了：  SELECT * FROM shop_sort;  受影响行数为：3 
2021-11-19 16:18:20
执行了：  SELECT * FROM shop_sort;  受影响行数为：3 
2021-11-19 16:18:50
执行了：  SELECT * FROM shop_sort;  受影响行数为：3 
2021-11-19 16:19:03
执行了：  SELECT * FROM shop_sort;  受影响行数为：3 
2021-11-19 16:19:21
执行了：  SELECT * FROM shop_sort;  受影响行数为：3 
2021-11-19 16:19:23
执行了：  SELECT * FROM shop_sort;  受影响行数为：3 
2021-11-19 16:19:24
执行了：  SELECT * FROM shop_sort;  受影响行数为：3 
2021-11-19 16:19:25
执行了：  SELECT * FROM shop_sort;  受影响行数为：3 
2021-11-19 16:19:44
执行了：  SELECT * FROM shop_sort;  受影响行数为：3 
2021-11-19 16:19:50
执行了：  SELECT * FROM shop_sort;  受影响行数为：3 
2021-11-19 16:20:28
执行了：  SELECT * FROM shop_sort;  受影响行数为：3 
2021-11-19 16:20:29
执行了：  SELECT * FROM shop_sort;  受影响行数为：3 
2021-11-19 16:20:30
执行了：  SELECT * FROM shop_sort;  受影响行数为：3 
2021-11-19 16:20:31
执行了：  SELECT * FROM shop_sort;  受影响行数为：3 
2021-11-19 16:20:31
执行了：  SELECT * FROM shop_sort;  受影响行数为：3 
2021-11-19 16:20:32
执行了：  SELECT * FROM shop_sort;  受影响行数为：3 
2021-11-19 16:20:32
执行了：  SELECT * FROM shop_sort;  受影响行数为：3 
2021-11-19 16:20:33
执行了：  SELECT * FROM shop_sort;  受影响行数为：3 
2021-11-19 16:20:33
执行了：  SELECT * FROM shop_sort;  受影响行数为：3 
2021-11-19 16:20:33
执行了：  SELECT * FROM shop_sort;  受影响行数为：3 
2021-11-19 16:20:34
执行了：  SELECT * FROM shop_sort;  受影响行数为：3 
2021-11-19 16:20:34
执行了：  SELECT * FROM shop_sort;  受影响行数为：3 
2021-11-19 16:20:34
执行了：  SELECT * FROM shop_sort;  受影响行数为：3 
2021-11-19 16:20:34
执行了：  SELECT * FROM shop_sort;  受影响行数为：3 
2021-11-19 16:20:35
执行了：  SELECT * FROM shop_sort;  受影响行数为：3 
2021-11-19 16:20:35
执行了：  SELECT * FROM shop_sort;  受影响行数为：3 
2021-11-19 16:20:35
执行了：  SELECT * FROM shop_sort;  受影响行数为：3 
2021-11-19 16:20:36
执行了：  SELECT * FROM shop_sort;  受影响行数为：3 
2021-11-19 16:20:36
执行了：  SELECT * FROM shop_sort;  受影响行数为：3 
2021-11-19 16:20:37
执行了：  SELECT * FROM shop_sort;  受影响行数为：3 
2021-11-19 16:20:37
执行了：  SELECT * FROM shop_sort;  受影响行数为：3 
2021-11-19 16:20:37
执行了：  SELECT * FROM shop_sort;  受影响行数为：3 
2021-11-19 16:20:38
执行了：  SELECT * FROM shop_sort;  受影响行数为：3 
2021-11-19 16:20:38
执行了：  SELECT * FROM shop_sort;  受影响行数为：3 
2021-11-19 16:20:39
执行了：  SELECT * FROM shop_sort;  受影响行数为：3 
2021-11-19 16:20:39
执行了：  SELECT * FROM shop_sort;  受影响行数为：3 
2021-11-19 16:20:41
执行了：  SELECT * FROM shop_sort;  受影响行数为：3 
2021-11-19 16:20:46
执行了：  SELECT * FROM shop_sort;  受影响行数为：3 
2021-11-19 16:20:46
执行了：  SELECT * FROM shop_sort;  受影响行数为：3 
2021-11-19 16:20:47
执行了：  SELECT * FROM shop_sort;  受影响行数为：3 
2021-11-19 16:20:47
执行了：  SELECT * FROM shop_sort;  受影响行数为：3 
2021-11-19 16:20:48
执行了：  SELECT * FROM shop_sort;  受影响行数为：3 
2021-11-19 16:20:48
执行了：  SELECT * FROM shop_sort;  受影响行数为：3 
2021-11-19 16:20:49
执行了：  SELECT * FROM shop_sort;  受影响行数为：3 
2021-11-19 16:21:00
执行了：  SELECT * FROM shop_sort;  受影响行数为：3 
2021-11-19 16:21:01
执行了：  SELECT * FROM shop_sort;  受影响行数为：3 
2021-11-19 16:21:42
执行了：  SELECT * FROM shop_sort;  受影响行数为：3 
2021-11-19 16:34:09
执行了：  SELECT sp_uid,sp_name,sp_price,sp_imgpath,sp_hot,sp_sold FROM shop_wares WHERE  sp_state='上架'   order by sp_sold  desc limit 6;  受影响行数为：5 
2021-11-19 16:34:09
执行了：  SELECT sp_uid,sp_name,sp_price,sp_imgpath,sp_hot,sp_sold FROM shop_wares WHERE  sp_state='上架'   order by sp_hot  desc limit 6;  受影响行数为：5 
2021-11-19 16:34:09
执行了：  SELECT sp_uid,sp_name,sp_price,sp_imgpath,sp_hot,sp_sold FROM shop_wares WHERE  sp_state='上架'   order by create_time  desc limit 6;  受影响行数为：5 
2021-11-19 16:34:17
执行了：  SELECT sp_uid,sp_name,sp_price,sp_imgpath,sp_hot,sp_sold FROM shop_wares WHERE  sp_state='上架'   order by sp_sold  desc limit 6;  受影响行数为：5 
2021-11-19 16:34:17
执行了：  SELECT sp_uid,sp_name,sp_price,sp_imgpath,sp_hot,sp_sold FROM shop_wares WHERE  sp_state='上架'   order by sp_hot  desc limit 6;  受影响行数为：5 
2021-11-19 16:34:17
执行了：  SELECT sp_uid,sp_name,sp_price,sp_imgpath,sp_hot,sp_sold FROM shop_wares WHERE  sp_state='上架'   order by create_time  desc limit 6;  受影响行数为：5 
2021-11-19 16:36:40
执行了：  SELECT * FROM shop_sort;  受影响行数为：3 
2021-11-19 16:36:41
执行了：  SELECT * FROM shop_sort;  受影响行数为：3 
2021-11-19 16:36:42
执行了：  SELECT * FROM shop_sort;  受影响行数为：3 
2021-11-19 16:36:42
执行了：  SELECT * FROM shop_sort;  受影响行数为：3 
2021-11-19 16:36:42
执行了：  SELECT * FROM shop_sort;  受影响行数为：3 
2021-11-19 16:36:43
执行了：  SELECT * FROM shop_sort;  受影响行数为：3 
2021-11-19 16:36:43
执行了：  SELECT * FROM shop_sort;  受影响行数为：3 
2021-11-19 16:36:44
执行了：  SELECT * FROM shop_sort;  受影响行数为：3 
2021-11-19 16:36:44
执行了：  SELECT * FROM shop_sort;  受影响行数为：3 
2021-11-19 16:36:45
执行了：  SELECT * FROM shop_sort;  受影响行数为：3 
2021-11-19 16:36:45
执行了：  SELECT * FROM shop_sort;  受影响行数为：3 
2021-11-19 16:36:46
执行了：  SELECT * FROM shop_sort;  受影响行数为：3 
2021-11-19 16:36:46
执行了：  SELECT * FROM shop_sort;  受影响行数为：3 
2021-11-19 16:36:47
执行了：  SELECT * FROM shop_sort;  受影响行数为：3 
2021-11-19 16:36:47
执行了：  SELECT * FROM shop_sort;  受影响行数为：3 
2021-11-19 16:36:48
执行了：  SELECT * FROM shop_sort;  受影响行数为：3 
2021-11-19 16:36:49
执行了：  SELECT * FROM shop_sort;  受影响行数为：3 
2021-11-19 16:36:49
执行了：  SELECT * FROM shop_sort;  受影响行数为：3 
2021-11-19 16:36:51
执行了：  SELECT * FROM shop_sort;  受影响行数为：3 
2021-11-19 16:36:52
执行了：  SELECT * FROM shop_sort;  受影响行数为：3 
2021-11-19 16:36:52
执行了：  SELECT * FROM shop_sort;  受影响行数为：3 
2021-11-19 16:36:53
执行了：  SELECT * FROM shop_sort;  受影响行数为：3 
2021-11-19 16:36:54
执行了：  SELECT * FROM shop_sort;  受影响行数为：3 
2021-11-19 16:36:54
执行了：  SELECT * FROM shop_sort;  受影响行数为：3 
2021-11-19 16:36:55
执行了：  SELECT * FROM shop_sort;  受影响行数为：3 
2021-11-19 16:36:56
执行了：  SELECT * FROM shop_sort;  受影响行数为：3 
2021-11-19 16:36:56
执行了：  SELECT * FROM shop_sort;  受影响行数为：3 
2021-11-19 16:36:56
执行了：  SELECT * FROM shop_sort;  受影响行数为：3 
2021-11-19 16:39:06
执行了：  SELECT * FROM shop_sort;  受影响行数为：3 
2021-11-19 16:39:07
执行了：  SELECT * FROM shop_sort;  受影响行数为：3 
2021-11-19 16:39:07
执行了：  SELECT * FROM shop_sort;  受影响行数为：3 
2021-11-19 16:39:08
执行了：  SELECT * FROM shop_sort;  受影响行数为：3 
2021-11-19 16:39:08
执行了：  SELECT * FROM shop_sort;  受影响行数为：3 
2021-11-19 16:39:08
执行了：  SELECT * FROM shop_sort;  受影响行数为：3 
2021-11-19 16:39:09
执行了：  SELECT * FROM shop_sort;  受影响行数为：3 
2021-11-19 16:39:09
执行了：  SELECT * FROM shop_sort;  受影响行数为：3 
2021-11-19 16:39:10
执行了：  SELECT * FROM shop_sort;  受影响行数为：3 
2021-11-19 16:39:11
执行了：  SELECT * FROM shop_sort;  受影响行数为：3 
2021-11-19 16:39:13
执行了：  SELECT * FROM shop_sort;  受影响行数为：3 
2021-11-19 16:39:13
执行了：  SELECT * FROM shop_sort;  受影响行数为：3 
2021-11-19 16:39:13
执行了：  SELECT * FROM shop_sort;  受影响行数为：3 
2021-11-19 16:39:13
执行了：  SELECT * FROM shop_sort;  受影响行数为：3 
2021-11-19 16:39:14
执行了：  SELECT * FROM shop_sort;  受影响行数为：3 
2021-11-19 16:39:14
执行了：  SELECT * FROM shop_sort;  受影响行数为：3 
2021-11-19 16:39:14
执行了：  SELECT * FROM shop_sort;  受影响行数为：3 
2021-11-19 16:39:14
执行了：  SELECT * FROM shop_sort;  受影响行数为：3 
2021-11-19 16:39:15
执行了：  SELECT * FROM shop_sort;  受影响行数为：3 
2021-11-19 16:39:15
执行了：  SELECT * FROM shop_sort;  受影响行数为：3 
2021-11-19 16:39:15
执行了：  SELECT * FROM shop_sort;  受影响行数为：3 
2021-11-19 16:39:15
执行了：  SELECT * FROM shop_sort;  受影响行数为：3 
2021-11-19 16:39:15
执行了：  SELECT * FROM shop_sort;  受影响行数为：3 
2021-11-19 16:39:15
执行了：  SELECT * FROM shop_sort;  受影响行数为：3 
2021-11-19 16:39:16
执行了：  SELECT * FROM shop_sort;  受影响行数为：3 
2021-11-19 16:39:16
执行了：  SELECT * FROM shop_sort;  受影响行数为：3 
2021-11-19 16:42:05
执行了：  SELECT * FROM shop_sort;  受影响行数为：3 
2021-11-19 16:42:08
执行了：  SELECT * FROM shop_sort;  受影响行数为：3 
2021-11-19 16:42:09
执行了：  SELECT * FROM shop_sort;  受影响行数为：3 
2021-11-19 16:42:09
执行了：  SELECT * FROM shop_sort;  受影响行数为：3 
2021-11-19 16:42:09
执行了：  SELECT * FROM shop_sort;  受影响行数为：3 
2021-11-19 16:43:31
执行了：  SELECT * FROM shop_sort;  受影响行数为：3 
2021-11-19 16:43:34
执行了：  SELECT * FROM shop_sort;  受影响行数为：3 
2021-11-19 16:43:35
执行了：  SELECT * FROM shop_sort;  受影响行数为：3 
2021-11-19 16:43:35
执行了：  SELECT * FROM shop_sort;  受影响行数为：3 
2021-11-19 16:43:35
执行了：  SELECT * FROM shop_sort;  受影响行数为：3 
2021-11-19 16:43:35
执行了：  SELECT * FROM shop_sort;  受影响行数为：3 
2021-11-19 16:43:36
执行了：  SELECT * FROM shop_sort;  受影响行数为：3 
2021-11-19 16:44:10
执行了：  SELECT * FROM shop_sort;  受影响行数为：3 
2021-11-19 16:44:13
执行了：  SELECT * FROM shop_sort;  受影响行数为：3 
2021-11-19 16:44:14
执行了：  SELECT sp_uid,sp_name,sp_price,sp_imgpath,sp_hot,sp_sold FROM shop_wares WHERE  sp_state='上架'   order by sp_sold  desc limit 6;  受影响行数为：5 
2021-11-19 16:44:14
执行了：  SELECT sp_uid,sp_name,sp_price,sp_imgpath,sp_hot,sp_sold FROM shop_wares WHERE  sp_state='上架'   order by sp_hot  desc limit 6;  受影响行数为：5 
2021-11-19 16:44:14
执行了：  SELECT sp_uid,sp_name,sp_price,sp_imgpath,sp_hot,sp_sold FROM shop_wares WHERE  sp_state='上架'   order by create_time  desc limit 6;  受影响行数为：5 
2021-11-19 16:44:17
执行了：  SELECT * FROM shop_sort;  受影响行数为：3 
2021-11-19 16:44:18
执行了：  SELECT sp_uid,sp_name,sp_price,sp_imgpath,sp_hot,sp_sold FROM shop_wares WHERE  sp_state='上架'   order by sp_sold  desc limit 6;  受影响行数为：5 
2021-11-19 16:44:18
执行了：  SELECT sp_uid,sp_name,sp_price,sp_imgpath,sp_hot,sp_sold FROM shop_wares WHERE  sp_state='上架'   order by sp_hot  desc limit 6;  受影响行数为：5 
2021-11-19 16:44:18
执行了：  SELECT sp_uid,sp_name,sp_price,sp_imgpath,sp_hot,sp_sold FROM shop_wares WHERE  sp_state='上架'   order by create_time  desc limit 6;  受影响行数为：5 
2021-11-19 16:44:35
执行了：  SELECT * FROM shop_sort;  受影响行数为：3 
2021-11-19 16:44:36
执行了：  SELECT sp_uid,sp_name,sp_price,sp_imgpath,sp_hot,sp_sold FROM shop_wares WHERE  sp_state='上架'   order by sp_sold  desc limit 6;  受影响行数为：5 
2021-11-19 16:44:36
执行了：  SELECT sp_uid,sp_name,sp_price,sp_imgpath,sp_hot,sp_sold FROM shop_wares WHERE  sp_state='上架'   order by sp_hot  desc limit 6;  受影响行数为：5 
2021-11-19 16:44:36
执行了：  SELECT sp_uid,sp_name,sp_price,sp_imgpath,sp_hot,sp_sold FROM shop_wares WHERE  sp_state='上架'   order by create_time  desc limit 6;  受影响行数为：5 
2021-11-19 16:45:23
执行了：  SELECT * FROM shop_sort;  受影响行数为：3 
2021-11-19 16:45:26
执行了：  SELECT * FROM shop_sort;  受影响行数为：3 
2021-11-19 16:45:26
执行了：  SELECT * FROM shop_sort;  受影响行数为：3 
2021-11-19 16:45:27
执行了：  SELECT * FROM shop_sort;  受影响行数为：3 
2021-11-19 16:45:27
执行了：  SELECT * FROM shop_sort;  受影响行数为：3 
2021-11-19 16:45:27
执行了：  SELECT * FROM shop_sort;  受影响行数为：3 
2021-11-19 16:45:27
执行了：  SELECT * FROM shop_sort;  受影响行数为：3 
2021-11-19 16:45:28
执行了：  SELECT * FROM shop_sort;  受影响行数为：3 
2021-11-19 16:45:28
执行了：  SELECT * FROM shop_sort;  受影响行数为：3 
2021-11-19 16:45:29
执行了：  SELECT * FROM shop_sort;  受影响行数为：3 
2021-11-19 16:45:29
执行了：  SELECT * FROM shop_sort;  受影响行数为：3 
2021-11-19 16:45:29
执行了：  SELECT * FROM shop_sort;  受影响行数为：3 
2021-11-19 16:45:30
执行了：  SELECT * FROM shop_sort;  受影响行数为：3 
2021-11-19 16:45:31
执行了：  SELECT * FROM shop_sort;  受影响行数为：3 
2021-11-19 16:45:32
执行了：  SELECT * FROM shop_sort;  受影响行数为：3 
2021-11-19 16:50:42
执行了：  SELECT sp_uid,sp_name,sp_price,sp_imgpath,sp_hot,sp_sold FROM shop_wares WHERE  sp_state='上架'   order by sp_sold  desc limit 6;  受影响行数为：5 
2021-11-19 16:50:42
执行了：  SELECT sp_uid,sp_name,sp_price,sp_imgpath,sp_hot,sp_sold FROM shop_wares WHERE  sp_state='上架'   order by sp_hot  desc limit 6;  受影响行数为：5 
2021-11-19 16:50:42
执行了：  SELECT sp_uid,sp_name,sp_price,sp_imgpath,sp_hot,sp_sold FROM shop_wares WHERE  sp_state='上架'   order by create_time  desc limit 6;  受影响行数为：5 
2021-11-19 16:50:51
执行了：  SELECT * FROM shop_waresimg WHERE sp_uid='8';  受影响行数为：1 作用：判断数据库存在不存在该数据（大于0存在）
2021-11-19 16:50:51
执行了：  SELECT sp_uid,img_path FROM shop_waresimg WHERE sp_uid='8';  受影响行数为：1 
2021-11-19 16:50:51
执行了：  SELECT * FROM shop_warestext WHERE sp_uid='8';  受影响行数为：0 作用：判断数据库存在不存在该数据（大于0存在）
2021-11-19 16:50:51
执行了：  SELECT * FROM shop_wares WHERE sp_uid='8';  受影响行数为：1 作用：判断数据库存在不存在该数据（大于0存在）
2021-11-19 16:50:51
执行了：  SELECT sp_uid,sp_varieties,sp_name,sp_price,sp_num,sp_imgpath,sp_hot,sp_sold,sp_text FROM shop_wares WHERE sp_uid='8';  受影响行数为：1 
2021-11-19 16:50:57
执行了：  SELECT * FROM shop_sort;  受影响行数为：3 
2021-11-19 16:51:04
执行了：  SELECT sp_uid,sp_name,sp_price,sp_imgpath,sp_hot,sp_sold FROM shop_wares WHERE  sp_state='上架'   order by sp_sold  desc limit 6;  受影响行数为：5 
2021-11-19 16:51:04
执行了：  SELECT sp_uid,sp_name,sp_price,sp_imgpath,sp_hot,sp_sold FROM shop_wares WHERE  sp_state='上架'   order by sp_hot  desc limit 6;  受影响行数为：5 
2021-11-19 16:51:04
执行了：  SELECT sp_uid,sp_name,sp_price,sp_imgpath,sp_hot,sp_sold FROM shop_wares WHERE  sp_state='上架'   order by create_time  desc limit 6;  受影响行数为：5 
2021-11-19 16:51:20
执行了：  SELECT * FROM shop_sort;  受影响行数为：3 
2021-11-19 16:51:38
执行了：  SELECT * FROM shop_sort;  受影响行数为：3 
2021-11-19 16:51:38
执行了：  SELECT * FROM shop_sort;  受影响行数为：3 
2021-11-19 16:51:38
执行了：  SELECT * FROM shop_sort;  受影响行数为：3 
2021-11-19 16:51:39
执行了：  SELECT * FROM shop_sort;  受影响行数为：3 
2021-11-19 16:51:39
执行了：  SELECT * FROM shop_sort;  受影响行数为：3 
2021-11-19 16:51:42
执行了：  SELECT * FROM shop_sort;  受影响行数为：3 
2021-11-19 16:51:44
执行了：  SELECT * FROM shop_sort;  受影响行数为：3 
2021-11-19 16:51:44
执行了：  SELECT * FROM shop_sort;  受影响行数为：3 
2021-11-19 16:53:26
执行了：  SELECT sp_uid,sp_name,sp_price,sp_imgpath,sp_hot,sp_sold FROM shop_wares WHERE  sp_state='上架'   order by sp_sold  desc limit 6;  受影响行数为：5 
2021-11-19 16:53:26
执行了：  SELECT sp_uid,sp_name,sp_price,sp_imgpath,sp_hot,sp_sold FROM shop_wares WHERE  sp_state='上架'   order by sp_hot  desc limit 6;  受影响行数为：5 
2021-11-19 16:53:26
执行了：  SELECT sp_uid,sp_name,sp_price,sp_imgpath,sp_hot,sp_sold FROM shop_wares WHERE  sp_state='上架'   order by create_time  desc limit 6;  受影响行数为：5 
2021-11-19 16:53:29
执行了：  SELECT * FROM shop_waresimg WHERE sp_uid='5';  受影响行数为：0 作用：判断数据库存在不存在该数据（大于0存在）
2021-11-19 16:53:29
执行了：  SELECT * FROM shop_warestext WHERE sp_uid='5';  受影响行数为：1 作用：判断数据库存在不存在该数据（大于0存在）
2021-11-19 16:53:29
执行了：  SELECT sp_uid,spuidtext FROM shop_warestext WHERE sp_uid='5';  受影响行数为：1 
2021-11-19 16:53:29
执行了：  SELECT * FROM shop_wares WHERE sp_uid='5';  受影响行数为：1 作用：判断数据库存在不存在该数据（大于0存在）
2021-11-19 16:53:29
执行了：  SELECT sp_uid,sp_varieties,sp_name,sp_price,sp_num,sp_imgpath,sp_hot,sp_sold,sp_text FROM shop_wares WHERE sp_uid='5';  受影响行数为：1 
